{"C:\\Users\\manu\\Desktop\\CarManagement\\src\\mailer.ts": {"path":"C:\\Users\\manu\\Desktop\\CarManagement\\src\\mailer.ts","statementMap":{"0":{"start":{"line":1,"column":0},"end":{"line":1,"column":35}},"1":{"start":{"line":3,"column":26},"end":{"line":43,"column":1}},"2":{"start":{"line":10,"column":4},"end":{"line":42,"column":1}},"3":{"start":{"line":11,"column":28},"end":{"line":20,"column":10}},"4":{"start":{"line":22,"column":28},"end":{"line":28,"column":10}},"5":{"start":{"line":29,"column":23},"end":{"line":29,"column":62}},"6":{"start":{"line":30,"column":7},"end":{"line":30,"column":49}},"7":{"start":{"line":32,"column":7},"end":{"line":38,"column":8}},"8":{"start":{"line":33,"column":10},"end":{"line":33,"column":43}},"9":{"start":{"line":34,"column":13},"end":{"line":38,"column":8}},"10":{"start":{"line":35,"column":10},"end":{"line":35,"column":34}},"11":{"start":{"line":37,"column":12},"end":{"line":37,"column":40}},"12":{"start":{"line":41,"column":4},"end":{"line":41,"column":50}},"13":{"start":{"line":3,"column":13},"end":{"line":3,"column":26}}},"fnMap":{"0":{"name":"(anonymous_1)","decl":{"start":{"line":3,"column":26},"end":{"line":3,"column":31}},"loc":{"start":{"line":9,"column":3},"end":{"line":43,"column":1}}}},"branchMap":{"0":{"loc":{"start":{"line":32,"column":7},"end":{"line":38,"column":8}},"type":"if","locations":[{"start":{"line":32,"column":7},"end":{"line":38,"column":8}},{"start":{"line":34,"column":13},"end":{"line":38,"column":8}}]},"1":{"loc":{"start":{"line":34,"column":13},"end":{"line":38,"column":8}},"type":"if","locations":[{"start":{"line":34,"column":13},"end":{"line":38,"column":8}},{"start":{"line":36,"column":12},"end":{"line":38,"column":8}}]}},"s":{"0":1,"1":1,"2":0,"3":0,"4":0,"5":0,"6":0,"7":0,"8":0,"9":0,"10":0,"11":0,"12":0,"13":1},"f":{"0":0},"b":{"0":[0,0],"1":[0,0]}}
,"C:\\Users\\manu\\Desktop\\CarManagement\\src\\Booking\\booking.controller.ts": {"path":"C:\\Users\\manu\\Desktop\\CarManagement\\src\\Booking\\booking.controller.ts","statementMap":{"0":{"start":{"line":2,"column":0},"end":{"line":2,"column":52}},"1":{"start":{"line":5,"column":30},"end":{"line":12,"column":1}},"2":{"start":{"line":6,"column":2},"end":{"line":11,"column":3}},"3":{"start":{"line":7,"column":21},"end":{"line":7,"column":50}},"4":{"start":{"line":8,"column":4},"end":{"line":8,"column":23}},"5":{"start":{"line":10,"column":4},"end":{"line":10,"column":64}},"6":{"start":{"line":5,"column":13},"end":{"line":5,"column":30}},"7":{"start":{"line":15,"column":30},"end":{"line":22,"column":1}},"8":{"start":{"line":16,"column":2},"end":{"line":21,"column":3}},"9":{"start":{"line":17,"column":20},"end":{"line":17,"column":71}},"10":{"start":{"line":18,"column":4},"end":{"line":18,"column":22}},"11":{"start":{"line":20,"column":4},"end":{"line":20,"column":57}},"12":{"start":{"line":15,"column":13},"end":{"line":15,"column":30}},"13":{"start":{"line":25,"column":29},"end":{"line":32,"column":1}},"14":{"start":{"line":26,"column":2},"end":{"line":31,"column":3}},"15":{"start":{"line":27,"column":23},"end":{"line":27,"column":60}},"16":{"start":{"line":28,"column":4},"end":{"line":28,"column":37}},"17":{"start":{"line":30,"column":4},"end":{"line":30,"column":64}},"18":{"start":{"line":25,"column":13},"end":{"line":25,"column":29}},"19":{"start":{"line":35,"column":29},"end":{"line":42,"column":1}},"20":{"start":{"line":36,"column":2},"end":{"line":41,"column":3}},"21":{"start":{"line":37,"column":27},"end":{"line":37,"column":87}},"22":{"start":{"line":38,"column":4},"end":{"line":38,"column":29}},"23":{"start":{"line":40,"column":4},"end":{"line":40,"column":64}},"24":{"start":{"line":35,"column":13},"end":{"line":35,"column":29}},"25":{"start":{"line":45,"column":29},"end":{"line":57,"column":1}},"26":{"start":{"line":46,"column":2},"end":{"line":56,"column":3}},"27":{"start":{"line":47,"column":20},"end":{"line":47,"column":70}},"28":{"start":{"line":49,"column":4},"end":{"line":53,"column":5}},"29":{"start":{"line":50,"column":6},"end":{"line":50,"column":72}},"30":{"start":{"line":52,"column":6},"end":{"line":52,"column":61}},"31":{"start":{"line":55,"column":4},"end":{"line":55,"column":66}},"32":{"start":{"line":45,"column":13},"end":{"line":45,"column":29}}},"fnMap":{"0":{"name":"(anonymous_9)","decl":{"start":{"line":5,"column":30},"end":{"line":5,"column":35}},"loc":{"start":{"line":5,"column":68},"end":{"line":12,"column":1}}},"1":{"name":"(anonymous_10)","decl":{"start":{"line":15,"column":30},"end":{"line":15,"column":35}},"loc":{"start":{"line":15,"column":68},"end":{"line":22,"column":1}}},"2":{"name":"(anonymous_11)","decl":{"start":{"line":25,"column":29},"end":{"line":25,"column":34}},"loc":{"start":{"line":25,"column":67},"end":{"line":32,"column":1}}},"3":{"name":"(anonymous_12)","decl":{"start":{"line":35,"column":29},"end":{"line":35,"column":34}},"loc":{"start":{"line":35,"column":67},"end":{"line":42,"column":1}}},"4":{"name":"(anonymous_13)","decl":{"start":{"line":45,"column":29},"end":{"line":45,"column":34}},"loc":{"start":{"line":45,"column":67},"end":{"line":57,"column":1}}}},"branchMap":{"0":{"loc":{"start":{"line":49,"column":4},"end":{"line":53,"column":5}},"type":"if","locations":[{"start":{"line":49,"column":4},"end":{"line":53,"column":5}},{"start":{"line":51,"column":11},"end":{"line":53,"column":5}}]}},"s":{"0":1,"1":1,"2":1,"3":1,"4":1,"5":0,"6":1,"7":1,"8":1,"9":1,"10":1,"11":0,"12":1,"13":1,"14":1,"15":1,"16":1,"17":0,"18":1,"19":1,"20":1,"21":1,"22":1,"23":0,"24":1,"25":1,"26":2,"27":2,"28":2,"29":1,"30":1,"31":0,"32":1},"f":{"0":1,"1":1,"2":1,"3":1,"4":2},"b":{"0":[1,1]}}
,"C:\\Users\\manu\\Desktop\\CarManagement\\src\\Booking\\booking.service.ts": {"path":"C:\\Users\\manu\\Desktop\\CarManagement\\src\\Booking\\booking.service.ts","statementMap":{"0":{"start":{"line":1,"column":0},"end":{"line":1,"column":31}},"1":{"start":{"line":2,"column":0},"end":{"line":2,"column":61}},"2":{"start":{"line":3,"column":0},"end":{"line":3,"column":33}},"3":{"start":{"line":6,"column":22},"end":{"line":9,"column":1}},"4":{"start":{"line":7,"column":19},"end":{"line":7,"column":58}},"5":{"start":{"line":8,"column":2},"end":{"line":8,"column":18}},"6":{"start":{"line":6,"column":13},"end":{"line":6,"column":22}},"7":{"start":{"line":12,"column":23},"end":{"line":17,"column":1}},"8":{"start":{"line":13,"column":18},"end":{"line":15,"column":4}},"9":{"start":{"line":16,"column":2},"end":{"line":16,"column":17}},"10":{"start":{"line":12,"column":13},"end":{"line":12,"column":23}},"11":{"start":{"line":20,"column":22},"end":{"line":23,"column":1}},"12":{"start":{"line":21,"column":17},"end":{"line":21,"column":72}},"13":{"start":{"line":22,"column":2},"end":{"line":22,"column":19}},"14":{"start":{"line":20,"column":13},"end":{"line":20,"column":22}},"15":{"start":{"line":26,"column":22},"end":{"line":32,"column":1}},"16":{"start":{"line":27,"column":2},"end":{"line":27,"column":85}},"17":{"start":{"line":28,"column":2},"end":{"line":31,"column":4}},"18":{"start":{"line":26,"column":13},"end":{"line":26,"column":22}},"19":{"start":{"line":35,"column":22},"end":{"line":38,"column":1}},"20":{"start":{"line":36,"column":17},"end":{"line":36,"column":98}},"21":{"start":{"line":37,"column":2},"end":{"line":37,"column":27}},"22":{"start":{"line":35,"column":13},"end":{"line":35,"column":22}}},"fnMap":{"0":{"name":"(anonymous_1)","decl":{"start":{"line":6,"column":22},"end":{"line":6,"column":27}},"loc":{"start":{"line":6,"column":33},"end":{"line":9,"column":1}}},"1":{"name":"(anonymous_2)","decl":{"start":{"line":12,"column":23},"end":{"line":12,"column":28}},"loc":{"start":{"line":12,"column":44},"end":{"line":17,"column":1}}},"2":{"name":"(anonymous_3)","decl":{"start":{"line":20,"column":22},"end":{"line":20,"column":27}},"loc":{"start":{"line":20,"column":42},"end":{"line":23,"column":1}}},"3":{"name":"(anonymous_4)","decl":{"start":{"line":26,"column":22},"end":{"line":26,"column":27}},"loc":{"start":{"line":26,"column":63},"end":{"line":32,"column":1}}},"4":{"name":"(anonymous_5)","decl":{"start":{"line":35,"column":22},"end":{"line":35,"column":27}},"loc":{"start":{"line":35,"column":43},"end":{"line":38,"column":1}}}},"branchMap":{},"s":{"0":1,"1":1,"2":1,"3":1,"4":0,"5":0,"6":1,"7":1,"8":0,"9":0,"10":1,"11":1,"12":0,"13":0,"14":1,"15":1,"16":0,"17":0,"18":1,"19":1,"20":0,"21":0,"22":1},"f":{"0":0,"1":0,"2":0,"3":0,"4":0},"b":{}}
,"C:\\Users\\manu\\Desktop\\CarManagement\\src\\Car\\car.controller.ts": {"path":"C:\\Users\\manu\\Desktop\\CarManagement\\src\\Car\\car.controller.ts","statementMap":{"0":{"start":{"line":2,"column":0},"end":{"line":2,"column":44}},"1":{"start":{"line":5,"column":26},"end":{"line":12,"column":1}},"2":{"start":{"line":6,"column":2},"end":{"line":11,"column":3}},"3":{"start":{"line":7,"column":17},"end":{"line":7,"column":42}},"4":{"start":{"line":8,"column":4},"end":{"line":8,"column":19}},"5":{"start":{"line":10,"column":4},"end":{"line":10,"column":60}},"6":{"start":{"line":5,"column":13},"end":{"line":5,"column":26}},"7":{"start":{"line":15,"column":26},"end":{"line":22,"column":1}},"8":{"start":{"line":16,"column":2},"end":{"line":21,"column":3}},"9":{"start":{"line":17,"column":16},"end":{"line":17,"column":63}},"10":{"start":{"line":18,"column":4},"end":{"line":18,"column":18}},"11":{"start":{"line":20,"column":4},"end":{"line":20,"column":53}},"12":{"start":{"line":15,"column":13},"end":{"line":15,"column":26}},"13":{"start":{"line":25,"column":25},"end":{"line":34,"column":1}},"14":{"start":{"line":26,"column":2},"end":{"line":33,"column":3}},"15":{"start":{"line":27,"column":19},"end":{"line":27,"column":62}},"16":{"start":{"line":28,"column":4},"end":{"line":28,"column":33}},"17":{"start":{"line":31,"column":4},"end":{"line":31,"column":60}},"18":{"start":{"line":32,"column":4},"end":{"line":32,"column":10}},"19":{"start":{"line":25,"column":13},"end":{"line":25,"column":25}},"20":{"start":{"line":37,"column":25},"end":{"line":44,"column":1}},"21":{"start":{"line":38,"column":2},"end":{"line":43,"column":3}},"22":{"start":{"line":39,"column":23},"end":{"line":39,"column":79}},"23":{"start":{"line":40,"column":4},"end":{"line":40,"column":25}},"24":{"start":{"line":42,"column":4},"end":{"line":42,"column":60}},"25":{"start":{"line":37,"column":13},"end":{"line":37,"column":25}},"26":{"start":{"line":47,"column":25},"end":{"line":54,"column":1}},"27":{"start":{"line":48,"column":2},"end":{"line":53,"column":3}},"28":{"start":{"line":49,"column":4},"end":{"line":49,"column":51}},"29":{"start":{"line":50,"column":4},"end":{"line":50,"column":41}},"30":{"start":{"line":52,"column":4},"end":{"line":52,"column":60}},"31":{"start":{"line":47,"column":13},"end":{"line":47,"column":25}},"32":{"start":{"line":57,"column":38},"end":{"line":64,"column":1}},"33":{"start":{"line":58,"column":2},"end":{"line":63,"column":3}},"34":{"start":{"line":59,"column":17},"end":{"line":59,"column":58}},"35":{"start":{"line":60,"column":4},"end":{"line":60,"column":19}},"36":{"start":{"line":62,"column":4},"end":{"line":62,"column":82}},"37":{"start":{"line":57,"column":13},"end":{"line":57,"column":38}},"38":{"start":{"line":69,"column":39},"end":{"line":76,"column":1}},"39":{"start":{"line":70,"column":2},"end":{"line":75,"column":3}},"40":{"start":{"line":71,"column":18},"end":{"line":71,"column":60}},"41":{"start":{"line":72,"column":4},"end":{"line":72,"column":20}},"42":{"start":{"line":74,"column":4},"end":{"line":74,"column":78}},"43":{"start":{"line":69,"column":13},"end":{"line":69,"column":39}}},"fnMap":{"0":{"name":"(anonymous_9)","decl":{"start":{"line":5,"column":26},"end":{"line":5,"column":31}},"loc":{"start":{"line":5,"column":64},"end":{"line":12,"column":1}}},"1":{"name":"(anonymous_10)","decl":{"start":{"line":15,"column":26},"end":{"line":15,"column":31}},"loc":{"start":{"line":15,"column":64},"end":{"line":22,"column":1}}},"2":{"name":"(anonymous_11)","decl":{"start":{"line":25,"column":25},"end":{"line":25,"column":30}},"loc":{"start":{"line":25,"column":63},"end":{"line":34,"column":1}}},"3":{"name":"(anonymous_12)","decl":{"start":{"line":37,"column":25},"end":{"line":37,"column":30}},"loc":{"start":{"line":37,"column":63},"end":{"line":44,"column":1}}},"4":{"name":"(anonymous_13)","decl":{"start":{"line":47,"column":25},"end":{"line":47,"column":30}},"loc":{"start":{"line":47,"column":63},"end":{"line":54,"column":1}}},"5":{"name":"(anonymous_14)","decl":{"start":{"line":57,"column":38},"end":{"line":57,"column":43}},"loc":{"start":{"line":57,"column":76},"end":{"line":64,"column":1}}},"6":{"name":"(anonymous_15)","decl":{"start":{"line":69,"column":39},"end":{"line":69,"column":44}},"loc":{"start":{"line":69,"column":77},"end":{"line":76,"column":1}}}},"branchMap":{},"s":{"0":1,"1":1,"2":1,"3":1,"4":1,"5":0,"6":1,"7":1,"8":2,"9":2,"10":1,"11":1,"12":1,"13":1,"14":2,"15":2,"16":1,"17":1,"18":1,"19":1,"20":1,"21":2,"22":2,"23":1,"24":1,"25":1,"26":1,"27":1,"28":1,"29":0,"30":1,"31":1,"32":1,"33":0,"34":0,"35":0,"36":0,"37":1,"38":1,"39":0,"40":0,"41":0,"42":0,"43":1},"f":{"0":1,"1":2,"2":2,"3":2,"4":1,"5":0,"6":0},"b":{}}
,"C:\\Users\\manu\\Desktop\\CarManagement\\src\\Car\\car.service.ts": {"path":"C:\\Users\\manu\\Desktop\\CarManagement\\src\\Car\\car.service.ts","statementMap":{"0":{"start":{"line":1,"column":0},"end":{"line":1,"column":33}},"1":{"start":{"line":2,"column":0},"end":{"line":2,"column":82}},"2":{"start":{"line":3,"column":0},"end":{"line":3,"column":45}},"3":{"start":{"line":6,"column":22},"end":{"line":9,"column":1}},"4":{"start":{"line":7,"column":15},"end":{"line":7,"column":49}},"5":{"start":{"line":8,"column":4},"end":{"line":8,"column":null}},"6":{"start":{"line":6,"column":13},"end":{"line":6,"column":22}},"7":{"start":{"line":13,"column":23},"end":{"line":19,"column":1}},"8":{"start":{"line":14,"column":16},"end":{"line":16,"column":6}},"9":{"start":{"line":18,"column":4},"end":{"line":18,"column":null}},"10":{"start":{"line":13,"column":13},"end":{"line":13,"column":23}},"11":{"start":{"line":23,"column":32},"end":{"line":29,"column":1}},"12":{"start":{"line":24,"column":23},"end":{"line":24,"column":72}},"13":{"start":{"line":25,"column":4},"end":{"line":27,"column":5}},"14":{"start":{"line":26,"column":8},"end":{"line":26,"column":24}},"15":{"start":{"line":28,"column":4},"end":{"line":28,"column":null}},"16":{"start":{"line":23,"column":13},"end":{"line":23,"column":32}},"17":{"start":{"line":33,"column":22},"end":{"line":37,"column":1}},"18":{"start":{"line":34,"column":4},"end":{"line":34,"column":null}},"19":{"start":{"line":36,"column":0},"end":{"line":36,"column":35}},"20":{"start":{"line":33,"column":13},"end":{"line":33,"column":22}},"21":{"start":{"line":40,"column":22},"end":{"line":43,"column":1}},"22":{"start":{"line":41,"column":4},"end":{"line":41,"column":null}},"23":{"start":{"line":42,"column":4},"end":{"line":42,"column":38}},"24":{"start":{"line":40,"column":13},"end":{"line":40,"column":22}},"25":{"start":{"line":46,"column":38},"end":{"line":64,"column":1}},"26":{"start":{"line":47,"column":2},"end":{"line":63,"column":87}},"27":{"start":{"line":46,"column":13},"end":{"line":46,"column":38}},"28":{"start":{"line":67,"column":39},"end":{"line":85,"column":1}},"29":{"start":{"line":68,"column":2},"end":{"line":84,"column":57}},"30":{"start":{"line":67,"column":13},"end":{"line":67,"column":39}}},"fnMap":{"0":{"name":"(anonymous_1)","decl":{"start":{"line":6,"column":22},"end":{"line":6,"column":27}},"loc":{"start":{"line":6,"column":33},"end":{"line":9,"column":1}}},"1":{"name":"(anonymous_2)","decl":{"start":{"line":13,"column":23},"end":{"line":13,"column":28}},"loc":{"start":{"line":13,"column":44},"end":{"line":19,"column":1}}},"2":{"name":"(anonymous_3)","decl":{"start":{"line":23,"column":32},"end":{"line":23,"column":37}},"loc":{"start":{"line":23,"column":53},"end":{"line":29,"column":1}}},"3":{"name":"(anonymous_4)","decl":{"start":{"line":33,"column":22},"end":{"line":33,"column":27}},"loc":{"start":{"line":33,"column":55},"end":{"line":37,"column":1}}},"4":{"name":"(anonymous_5)","decl":{"start":{"line":40,"column":22},"end":{"line":40,"column":27}},"loc":{"start":{"line":40,"column":43},"end":{"line":43,"column":1}}},"5":{"name":"(anonymous_6)","decl":{"start":{"line":46,"column":38},"end":{"line":46,"column":43}},"loc":{"start":{"line":46,"column":49},"end":{"line":64,"column":1}}},"6":{"name":"(anonymous_7)","decl":{"start":{"line":67,"column":39},"end":{"line":67,"column":44}},"loc":{"start":{"line":67,"column":50},"end":{"line":85,"column":1}}}},"branchMap":{"0":{"loc":{"start":{"line":25,"column":4},"end":{"line":27,"column":5}},"type":"if","locations":[{"start":{"line":25,"column":4},"end":{"line":27,"column":5}}]}},"s":{"0":1,"1":1,"2":1,"3":1,"4":0,"5":0,"6":1,"7":1,"8":0,"9":0,"10":1,"11":1,"12":0,"13":0,"14":0,"15":0,"16":1,"17":1,"18":0,"19":0,"20":1,"21":1,"22":0,"23":0,"24":1,"25":1,"26":0,"27":1,"28":1,"29":0,"30":1},"f":{"0":0,"1":0,"2":0,"3":0,"4":0,"5":0,"6":0},"b":{"0":[0]}}
,"C:\\Users\\manu\\Desktop\\CarManagement\\src\\Drizzle\\db.ts": {"path":"C:\\Users\\manu\\Desktop\\CarManagement\\src\\Drizzle\\db.ts","statementMap":{"0":{"start":{"line":1,"column":2},"end":{"line":1,"column":24}},"1":{"start":{"line":3,"column":2},"end":{"line":3,"column":53}},"2":{"start":{"line":4,"column":2},"end":{"line":4,"column":29}},"3":{"start":{"line":5,"column":2},"end":{"line":5,"column":36}},"4":{"start":{"line":7,"column":15},"end":{"line":9,"column":null}},"5":{"start":{"line":11,"column":15},"end":{"line":13,"column":3}},"6":{"start":{"line":12,"column":6},"end":{"line":12,"column":null}},"7":{"start":{"line":14,"column":2},"end":{"line":18,"column":null}},"8":{"start":{"line":15,"column":6},"end":{"line":15,"column":null}},"9":{"start":{"line":17,"column":6},"end":{"line":17,"column":null}},"10":{"start":{"line":21,"column":13},"end":{"line":21,"column":54}},"11":{"start":{"line":23,"column":2},"end":{"line":23,"column":null}}},"fnMap":{"0":{"name":"(anonymous_9)","decl":{"start":{"line":11,"column":15},"end":{"line":11,"column":20}},"loc":{"start":{"line":11,"column":26},"end":{"line":13,"column":3}}},"1":{"name":"(anonymous_10)","decl":{"start":{"line":14,"column":14},"end":{"line":14,"column":17}},"loc":{"start":{"line":14,"column":19},"end":{"line":16,"column":3}}},"2":{"name":"(anonymous_11)","decl":{"start":{"line":16,"column":11},"end":{"line":16,"column":12}},"loc":{"start":{"line":16,"column":21},"end":{"line":18,"column":3}}}},"branchMap":{},"s":{"0":8,"1":8,"2":8,"3":8,"4":8,"5":8,"6":8,"7":8,"8":2,"9":0,"10":8,"11":8},"f":{"0":8,"1":2,"2":0},"b":{}}
,"C:\\Users\\manu\\Desktop\\CarManagement\\src\\Drizzle\\schema.ts": {"path":"C:\\Users\\manu\\Desktop\\CarManagement\\src\\Drizzle\\schema.ts","statementMap":{"0":{"start":{"line":2,"column":0},"end":{"line":2,"column":40}},"1":{"start":{"line":3,"column":0},"end":{"line":3,"column":45}},"2":{"start":{"line":4,"column":0},"end":{"line":4,"column":102}},"3":{"start":{"line":7,"column":13},"end":{"line":7,"column":null}},"4":{"start":{"line":10,"column":13},"end":{"line":21,"column":3}},"5":{"start":{"line":24,"column":13},"end":{"line":29,"column":3}},"6":{"start":{"line":32,"column":13},"end":{"line":40,"column":null}},"7":{"start":{"line":39,"column":55},"end":{"line":39,"column":79}},"8":{"start":{"line":43,"column":13},"end":{"line":50,"column":3}},"9":{"start":{"line":45,"column":65},"end":{"line":45,"column":89}},"10":{"start":{"line":46,"column":55},"end":{"line":46,"column":69}},"11":{"start":{"line":53,"column":13},"end":{"line":60,"column":3}},"12":{"start":{"line":55,"column":55},"end":{"line":55,"column":69}},"13":{"start":{"line":56,"column":65},"end":{"line":56,"column":89}},"14":{"start":{"line":63,"column":13},"end":{"line":69,"column":3}},"15":{"start":{"line":65,"column":63},"end":{"line":65,"column":86}},"16":{"start":{"line":73,"column":13},"end":{"line":79,"column":3}},"17":{"start":{"line":75,"column":55},"end":{"line":75,"column":69}},"18":{"start":{"line":84,"column":13},"end":{"line":91,"column":3}},"19":{"start":{"line":86,"column":55},"end":{"line":86,"column":69}},"20":{"start":{"line":97,"column":13},"end":{"line":100,"column":null}},"21":{"start":{"line":97,"column":73},"end":{"line":100,"column":2}},"22":{"start":{"line":103,"column":13},"end":{"line":105,"column":null}},"23":{"start":{"line":103,"column":77},"end":{"line":105,"column":2}},"24":{"start":{"line":108,"column":13},"end":{"line":117,"column":4}},"25":{"start":{"line":108,"column":68},"end":{"line":117,"column":2}},"26":{"start":{"line":120,"column":13},"end":{"line":129,"column":null}},"27":{"start":{"line":120,"column":78},"end":{"line":129,"column":2}},"28":{"start":{"line":132,"column":13},"end":{"line":142,"column":null}},"29":{"start":{"line":132,"column":78},"end":{"line":142,"column":2}},"30":{"start":{"line":145,"column":13},"end":{"line":150,"column":null}},"31":{"start":{"line":145,"column":70},"end":{"line":150,"column":2}},"32":{"start":{"line":153,"column":13},"end":{"line":158,"column":4}},"33":{"start":{"line":153,"column":78},"end":{"line":158,"column":2}},"34":{"start":{"line":161,"column":13},"end":{"line":166,"column":4}},"35":{"start":{"line":161,"column":74},"end":{"line":166,"column":2}}},"fnMap":{"0":{"name":"(anonymous_0)","decl":{"start":{"line":39,"column":49},"end":{"line":39,"column":52}},"loc":{"start":{"line":39,"column":55},"end":{"line":39,"column":79}}},"1":{"name":"(anonymous_1)","decl":{"start":{"line":45,"column":59},"end":{"line":45,"column":62}},"loc":{"start":{"line":45,"column":65},"end":{"line":45,"column":89}}},"2":{"name":"(anonymous_2)","decl":{"start":{"line":46,"column":49},"end":{"line":46,"column":52}},"loc":{"start":{"line":46,"column":55},"end":{"line":46,"column":69}}},"3":{"name":"(anonymous_3)","decl":{"start":{"line":55,"column":49},"end":{"line":55,"column":52}},"loc":{"start":{"line":55,"column":55},"end":{"line":55,"column":69}}},"4":{"name":"(anonymous_4)","decl":{"start":{"line":56,"column":59},"end":{"line":56,"column":62}},"loc":{"start":{"line":56,"column":65},"end":{"line":56,"column":89}}},"5":{"name":"(anonymous_5)","decl":{"start":{"line":65,"column":57},"end":{"line":65,"column":60}},"loc":{"start":{"line":65,"column":63},"end":{"line":65,"column":86}}},"6":{"name":"(anonymous_6)","decl":{"start":{"line":75,"column":49},"end":{"line":75,"column":52}},"loc":{"start":{"line":75,"column":55},"end":{"line":75,"column":69}}},"7":{"name":"(anonymous_7)","decl":{"start":{"line":86,"column":49},"end":{"line":86,"column":52}},"loc":{"start":{"line":86,"column":55},"end":{"line":86,"column":69}}},"8":{"name":"(anonymous_8)","decl":{"start":{"line":97,"column":58},"end":{"line":97,"column":59}},"loc":{"start":{"line":97,"column":73},"end":{"line":100,"column":2}}},"9":{"name":"(anonymous_9)","decl":{"start":{"line":103,"column":62},"end":{"line":103,"column":63}},"loc":{"start":{"line":103,"column":77},"end":{"line":105,"column":2}}},"10":{"name":"(anonymous_10)","decl":{"start":{"line":108,"column":48},"end":{"line":108,"column":49}},"loc":{"start":{"line":108,"column":68},"end":{"line":117,"column":2}}},"11":{"name":"(anonymous_11)","decl":{"start":{"line":120,"column":64},"end":{"line":120,"column":65}},"loc":{"start":{"line":120,"column":78},"end":{"line":129,"column":2}}},"12":{"name":"(anonymous_12)","decl":{"start":{"line":132,"column":58},"end":{"line":132,"column":59}},"loc":{"start":{"line":132,"column":78},"end":{"line":142,"column":2}}},"13":{"name":"(anonymous_13)","decl":{"start":{"line":145,"column":56},"end":{"line":145,"column":57}},"loc":{"start":{"line":145,"column":70},"end":{"line":150,"column":2}}},"14":{"name":"(anonymous_14)","decl":{"start":{"line":153,"column":64},"end":{"line":153,"column":65}},"loc":{"start":{"line":153,"column":78},"end":{"line":158,"column":2}}},"15":{"name":"(anonymous_15)","decl":{"start":{"line":161,"column":60},"end":{"line":161,"column":61}},"loc":{"start":{"line":161,"column":74},"end":{"line":166,"column":2}}}},"branchMap":{},"s":{"0":8,"1":8,"2":8,"3":8,"4":8,"5":8,"6":8,"7":0,"8":8,"9":0,"10":0,"11":8,"12":0,"13":0,"14":8,"15":0,"16":8,"17":0,"18":8,"19":0,"20":8,"21":8,"22":8,"23":8,"24":8,"25":8,"26":8,"27":8,"28":8,"29":8,"30":8,"31":8,"32":8,"33":8,"34":8,"35":8},"f":{"0":0,"1":0,"2":0,"3":0,"4":0,"5":0,"6":0,"7":0,"8":8,"9":8,"10":8,"11":8,"12":8,"13":8,"14":8,"15":8},"b":{}}
,"C:\\Users\\manu\\Desktop\\CarManagement\\src\\Insurance\\insurance.controller.ts": {"path":"C:\\Users\\manu\\Desktop\\CarManagement\\src\\Insurance\\insurance.controller.ts","statementMap":{"0":{"start":{"line":2,"column":0},"end":{"line":2,"column":56}},"1":{"start":{"line":5,"column":31},"end":{"line":12,"column":1}},"2":{"start":{"line":6,"column":2},"end":{"line":11,"column":3}},"3":{"start":{"line":7,"column":20},"end":{"line":7,"column":51}},"4":{"start":{"line":8,"column":4},"end":{"line":8,"column":22}},"5":{"start":{"line":10,"column":4},"end":{"line":10,"column":73}},"6":{"start":{"line":5,"column":13},"end":{"line":5,"column":31}},"7":{"start":{"line":15,"column":32},"end":{"line":22,"column":1}},"8":{"start":{"line":16,"column":2},"end":{"line":21,"column":3}},"9":{"start":{"line":17,"column":19},"end":{"line":17,"column":72}},"10":{"start":{"line":18,"column":4},"end":{"line":18,"column":21}},"11":{"start":{"line":20,"column":4},"end":{"line":20,"column":66}},"12":{"start":{"line":15,"column":13},"end":{"line":15,"column":32}},"13":{"start":{"line":25,"column":31},"end":{"line":32,"column":1}},"14":{"start":{"line":26,"column":2},"end":{"line":31,"column":3}},"15":{"start":{"line":27,"column":22},"end":{"line":27,"column":61}},"16":{"start":{"line":28,"column":4},"end":{"line":28,"column":36}},"17":{"start":{"line":30,"column":4},"end":{"line":30,"column":73}},"18":{"start":{"line":25,"column":13},"end":{"line":25,"column":31}},"19":{"start":{"line":35,"column":31},"end":{"line":42,"column":1}},"20":{"start":{"line":36,"column":2},"end":{"line":41,"column":3}},"21":{"start":{"line":37,"column":20},"end":{"line":37,"column":82}},"22":{"start":{"line":38,"column":4},"end":{"line":38,"column":22}},"23":{"start":{"line":40,"column":4},"end":{"line":40,"column":73}},"24":{"start":{"line":35,"column":13},"end":{"line":35,"column":31}},"25":{"start":{"line":45,"column":31},"end":{"line":52,"column":1}},"26":{"start":{"line":46,"column":2},"end":{"line":51,"column":3}},"27":{"start":{"line":47,"column":4},"end":{"line":47,"column":57}},"28":{"start":{"line":48,"column":4},"end":{"line":48,"column":54}},"29":{"start":{"line":50,"column":4},"end":{"line":50,"column":73}},"30":{"start":{"line":45,"column":13},"end":{"line":45,"column":31}}},"fnMap":{"0":{"name":"(anonymous_9)","decl":{"start":{"line":5,"column":31},"end":{"line":5,"column":36}},"loc":{"start":{"line":5,"column":69},"end":{"line":12,"column":1}}},"1":{"name":"(anonymous_10)","decl":{"start":{"line":15,"column":32},"end":{"line":15,"column":37}},"loc":{"start":{"line":15,"column":70},"end":{"line":22,"column":1}}},"2":{"name":"(anonymous_11)","decl":{"start":{"line":25,"column":31},"end":{"line":25,"column":36}},"loc":{"start":{"line":25,"column":69},"end":{"line":32,"column":1}}},"3":{"name":"(anonymous_12)","decl":{"start":{"line":35,"column":31},"end":{"line":35,"column":36}},"loc":{"start":{"line":35,"column":69},"end":{"line":42,"column":1}}},"4":{"name":"(anonymous_13)","decl":{"start":{"line":45,"column":31},"end":{"line":45,"column":36}},"loc":{"start":{"line":45,"column":69},"end":{"line":52,"column":1}}}},"branchMap":{},"s":{"0":1,"1":1,"2":2,"3":2,"4":1,"5":1,"6":1,"7":1,"8":3,"9":3,"10":2,"11":1,"12":1,"13":1,"14":2,"15":2,"16":1,"17":1,"18":1,"19":1,"20":3,"21":3,"22":2,"23":1,"24":1,"25":1,"26":3,"27":3,"28":2,"29":1,"30":1},"f":{"0":2,"1":3,"2":2,"3":3,"4":3},"b":{}}
,"C:\\Users\\manu\\Desktop\\CarManagement\\src\\Insurance\\insurance.service.ts": {"path":"C:\\Users\\manu\\Desktop\\CarManagement\\src\\Insurance\\insurance.service.ts","statementMap":{"0":{"start":{"line":1,"column":0},"end":{"line":1,"column":33}},"1":{"start":{"line":2,"column":0},"end":{"line":2,"column":31}},"2":{"start":{"line":3,"column":0},"end":{"line":3,"column":64}},"3":{"start":{"line":6,"column":22},"end":{"line":12,"column":1}},"4":{"start":{"line":7,"column":21},"end":{"line":7,"column":82}},"5":{"start":{"line":8,"column":2},"end":{"line":10,"column":3}},"6":{"start":{"line":9,"column":4},"end":{"line":9,"column":20}},"7":{"start":{"line":11,"column":2},"end":{"line":11,"column":14}},"8":{"start":{"line":6,"column":13},"end":{"line":6,"column":22}},"9":{"start":{"line":15,"column":22},"end":{"line":19,"column":1}},"10":{"start":{"line":16,"column":23},"end":{"line":16,"column":63}},"11":{"start":{"line":17,"column":4},"end":{"line":17,"column":22}},"12":{"start":{"line":15,"column":13},"end":{"line":15,"column":22}},"13":{"start":{"line":23,"column":23},"end":{"line":28,"column":1}},"14":{"start":{"line":24,"column":16},"end":{"line":26,"column":2}},"15":{"start":{"line":27,"column":0},"end":{"line":27,"column":null}},"16":{"start":{"line":23,"column":13},"end":{"line":23,"column":23}},"17":{"start":{"line":32,"column":22},"end":{"line":35,"column":1}},"18":{"start":{"line":33,"column":4},"end":{"line":33,"column":null}},"19":{"start":{"line":34,"column":4},"end":{"line":34,"column":44}},"20":{"start":{"line":32,"column":13},"end":{"line":32,"column":22}},"21":{"start":{"line":39,"column":22},"end":{"line":45,"column":1}},"22":{"start":{"line":40,"column":4},"end":{"line":42,"column":null}},"23":{"start":{"line":44,"column":4},"end":{"line":44,"column":51}},"24":{"start":{"line":39,"column":13},"end":{"line":39,"column":22}}},"fnMap":{"0":{"name":"(anonymous_1)","decl":{"start":{"line":6,"column":22},"end":{"line":6,"column":27}},"loc":{"start":{"line":6,"column":55},"end":{"line":12,"column":1}}},"1":{"name":"(anonymous_2)","decl":{"start":{"line":15,"column":22},"end":{"line":15,"column":27}},"loc":{"start":{"line":15,"column":33},"end":{"line":19,"column":1}}},"2":{"name":"(anonymous_3)","decl":{"start":{"line":23,"column":23},"end":{"line":23,"column":28}},"loc":{"start":{"line":23,"column":44},"end":{"line":28,"column":1}}},"3":{"name":"(anonymous_4)","decl":{"start":{"line":32,"column":22},"end":{"line":32,"column":27}},"loc":{"start":{"line":32,"column":67},"end":{"line":35,"column":1}}},"4":{"name":"(anonymous_5)","decl":{"start":{"line":39,"column":22},"end":{"line":39,"column":27}},"loc":{"start":{"line":39,"column":180},"end":{"line":45,"column":1}}}},"branchMap":{"0":{"loc":{"start":{"line":8,"column":2},"end":{"line":10,"column":3}},"type":"if","locations":[{"start":{"line":8,"column":2},"end":{"line":10,"column":3}}]}},"s":{"0":1,"1":1,"2":1,"3":1,"4":0,"5":0,"6":0,"7":0,"8":1,"9":1,"10":0,"11":0,"12":1,"13":1,"14":0,"15":0,"16":1,"17":1,"18":0,"19":0,"20":1,"21":1,"22":0,"23":0,"24":1},"f":{"0":0,"1":0,"2":0,"3":0,"4":0},"b":{"0":[0]}}
,"C:\\Users\\manu\\Desktop\\CarManagement\\src\\Location\\location.controller.ts": {"path":"C:\\Users\\manu\\Desktop\\CarManagement\\src\\Location\\location.controller.ts","statementMap":{"0":{"start":{"line":2,"column":0},"end":{"line":2,"column":54}},"1":{"start":{"line":5,"column":31},"end":{"line":12,"column":1}},"2":{"start":{"line":6,"column":2},"end":{"line":11,"column":3}},"3":{"start":{"line":7,"column":22},"end":{"line":7,"column":52}},"4":{"start":{"line":8,"column":4},"end":{"line":8,"column":24}},"5":{"start":{"line":10,"column":4},"end":{"line":10,"column":65}},"6":{"start":{"line":5,"column":13},"end":{"line":5,"column":31}},"7":{"start":{"line":15,"column":31},"end":{"line":22,"column":1}},"8":{"start":{"line":16,"column":2},"end":{"line":21,"column":3}},"9":{"start":{"line":17,"column":21},"end":{"line":17,"column":73}},"10":{"start":{"line":18,"column":4},"end":{"line":18,"column":23}},"11":{"start":{"line":20,"column":4},"end":{"line":20,"column":58}},"12":{"start":{"line":15,"column":13},"end":{"line":15,"column":31}},"13":{"start":{"line":25,"column":30},"end":{"line":32,"column":1}},"14":{"start":{"line":26,"column":2},"end":{"line":31,"column":3}},"15":{"start":{"line":27,"column":24},"end":{"line":27,"column":62}},"16":{"start":{"line":28,"column":4},"end":{"line":28,"column":38}},"17":{"start":{"line":30,"column":4},"end":{"line":30,"column":65}},"18":{"start":{"line":25,"column":13},"end":{"line":25,"column":30}},"19":{"start":{"line":35,"column":30},"end":{"line":42,"column":1}},"20":{"start":{"line":36,"column":2},"end":{"line":41,"column":3}},"21":{"start":{"line":37,"column":20},"end":{"line":37,"column":81}},"22":{"start":{"line":38,"column":4},"end":{"line":38,"column":22}},"23":{"start":{"line":40,"column":4},"end":{"line":40,"column":65}},"24":{"start":{"line":35,"column":13},"end":{"line":35,"column":30}},"25":{"start":{"line":45,"column":30},"end":{"line":52,"column":1}},"26":{"start":{"line":46,"column":2},"end":{"line":51,"column":3}},"27":{"start":{"line":47,"column":4},"end":{"line":47,"column":56}},"28":{"start":{"line":48,"column":4},"end":{"line":48,"column":46}},"29":{"start":{"line":50,"column":4},"end":{"line":50,"column":65}},"30":{"start":{"line":45,"column":13},"end":{"line":45,"column":30}},"31":{"start":{"line":53,"column":49},"end":{"line":61,"column":1}},"32":{"start":{"line":54,"column":2},"end":{"line":60,"column":3}},"33":{"start":{"line":55,"column":22},"end":{"line":55,"column":60}},"34":{"start":{"line":56,"column":4},"end":{"line":56,"column":24}},"35":{"start":{"line":58,"column":4},"end":{"line":58,"column":64}},"36":{"start":{"line":59,"column":4},"end":{"line":59,"column":84}},"37":{"start":{"line":53,"column":13},"end":{"line":53,"column":49}},"38":{"start":{"line":62,"column":54},"end":{"line":70,"column":1}},"39":{"start":{"line":63,"column":2},"end":{"line":69,"column":3}},"40":{"start":{"line":64,"column":22},"end":{"line":64,"column":60}},"41":{"start":{"line":65,"column":4},"end":{"line":65,"column":24}},"42":{"start":{"line":67,"column":4},"end":{"line":67,"column":67}},"43":{"start":{"line":68,"column":4},"end":{"line":68,"column":93}},"44":{"start":{"line":62,"column":13},"end":{"line":62,"column":54}},"45":{"start":{"line":74,"column":2},"end":{"line":74,"column":47}}},"fnMap":{"0":{"name":"(anonymous_9)","decl":{"start":{"line":5,"column":31},"end":{"line":5,"column":36}},"loc":{"start":{"line":5,"column":69},"end":{"line":12,"column":1}}},"1":{"name":"(anonymous_10)","decl":{"start":{"line":15,"column":31},"end":{"line":15,"column":36}},"loc":{"start":{"line":15,"column":69},"end":{"line":22,"column":1}}},"2":{"name":"(anonymous_11)","decl":{"start":{"line":25,"column":30},"end":{"line":25,"column":35}},"loc":{"start":{"line":25,"column":68},"end":{"line":32,"column":1}}},"3":{"name":"(anonymous_12)","decl":{"start":{"line":35,"column":30},"end":{"line":35,"column":35}},"loc":{"start":{"line":35,"column":68},"end":{"line":42,"column":1}}},"4":{"name":"(anonymous_13)","decl":{"start":{"line":45,"column":30},"end":{"line":45,"column":35}},"loc":{"start":{"line":45,"column":68},"end":{"line":52,"column":1}}},"5":{"name":"(anonymous_14)","decl":{"start":{"line":53,"column":49},"end":{"line":53,"column":54}},"loc":{"start":{"line":53,"column":88},"end":{"line":61,"column":1}}},"6":{"name":"(anonymous_15)","decl":{"start":{"line":62,"column":54},"end":{"line":62,"column":59}},"loc":{"start":{"line":62,"column":93},"end":{"line":70,"column":1}}},"7":{"name":"getAllLocationsWithCarsService","decl":{"start":{"line":73,"column":9},"end":{"line":73,"column":39}},"loc":{"start":{"line":73,"column":39},"end":{"line":75,"column":1}}}},"branchMap":{},"s":{"0":1,"1":1,"2":2,"3":2,"4":1,"5":1,"6":1,"7":1,"8":1,"9":1,"10":1,"11":0,"12":1,"13":1,"14":2,"15":2,"16":1,"17":1,"18":1,"19":1,"20":2,"21":2,"22":1,"23":1,"24":1,"25":1,"26":1,"27":1,"28":0,"29":1,"30":1,"31":1,"32":0,"33":0,"34":0,"35":0,"36":0,"37":1,"38":1,"39":0,"40":0,"41":0,"42":0,"43":0,"44":1,"45":0},"f":{"0":2,"1":1,"2":2,"3":2,"4":1,"5":0,"6":0,"7":0},"b":{}}
,"C:\\Users\\manu\\Desktop\\CarManagement\\src\\Location\\location.service.ts": {"path":"C:\\Users\\manu\\Desktop\\CarManagement\\src\\Location\\location.service.ts","statementMap":{"0":{"start":{"line":1,"column":0},"end":{"line":1,"column":31}},"1":{"start":{"line":2,"column":0},"end":{"line":2,"column":72}},"2":{"start":{"line":3,"column":0},"end":{"line":3,"column":33}},"3":{"start":{"line":6,"column":22},"end":{"line":10,"column":1}},"4":{"start":{"line":8,"column":22},"end":{"line":8,"column":61}},"5":{"start":{"line":9,"column":4},"end":{"line":9,"column":21}},"6":{"start":{"line":6,"column":13},"end":{"line":6,"column":22}},"7":{"start":{"line":13,"column":23},"end":{"line":18,"column":1}},"8":{"start":{"line":14,"column":21},"end":{"line":16,"column":6}},"9":{"start":{"line":17,"column":4},"end":{"line":17,"column":20}},"10":{"start":{"line":13,"column":13},"end":{"line":13,"column":23}},"11":{"start":{"line":21,"column":22},"end":{"line":28,"column":1}},"12":{"start":{"line":22,"column":23},"end":{"line":22,"column":82}},"13":{"start":{"line":24,"column":4},"end":{"line":26,"column":5}},"14":{"start":{"line":25,"column":8},"end":{"line":25,"column":24}},"15":{"start":{"line":27,"column":4},"end":{"line":27,"column":16}},"16":{"start":{"line":21,"column":13},"end":{"line":21,"column":22}},"17":{"start":{"line":31,"column":22},"end":{"line":34,"column":1}},"18":{"start":{"line":32,"column":4},"end":{"line":32,"column":89}},"19":{"start":{"line":33,"column":4},"end":{"line":33,"column":43}},"20":{"start":{"line":31,"column":13},"end":{"line":31,"column":22}},"21":{"start":{"line":37,"column":22},"end":{"line":45,"column":1}},"22":{"start":{"line":40,"column":22},"end":{"line":40,"column":104}},"23":{"start":{"line":41,"column":4},"end":{"line":43,"column":5}},"24":{"start":{"line":42,"column":8},"end":{"line":42,"column":47}},"25":{"start":{"line":44,"column":4},"end":{"line":44,"column":56}},"26":{"start":{"line":37,"column":13},"end":{"line":37,"column":22}},"27":{"start":{"line":48,"column":46},"end":{"line":58,"column":1}},"28":{"start":{"line":49,"column":4},"end":{"line":57,"column":82}},"29":{"start":{"line":48,"column":13},"end":{"line":48,"column":46}},"30":{"start":{"line":61,"column":51},"end":{"line":70,"column":1}},"31":{"start":{"line":62,"column":4},"end":{"line":69,"column":83}},"32":{"start":{"line":61,"column":13},"end":{"line":61,"column":51}}},"fnMap":{"0":{"name":"(anonymous_1)","decl":{"start":{"line":6,"column":22},"end":{"line":6,"column":27}},"loc":{"start":{"line":6,"column":33},"end":{"line":10,"column":1}}},"1":{"name":"(anonymous_2)","decl":{"start":{"line":13,"column":23},"end":{"line":13,"column":28}},"loc":{"start":{"line":13,"column":44},"end":{"line":18,"column":1}}},"2":{"name":"(anonymous_3)","decl":{"start":{"line":21,"column":22},"end":{"line":21,"column":27}},"loc":{"start":{"line":21,"column":53},"end":{"line":28,"column":1}}},"3":{"name":"(anonymous_4)","decl":{"start":{"line":31,"column":22},"end":{"line":31,"column":27}},"loc":{"start":{"line":31,"column":65},"end":{"line":34,"column":1}}},"4":{"name":"(anonymous_5)","decl":{"start":{"line":37,"column":22},"end":{"line":37,"column":27}},"loc":{"start":{"line":37,"column":43},"end":{"line":45,"column":1}}},"5":{"name":"(anonymous_6)","decl":{"start":{"line":48,"column":46},"end":{"line":48,"column":51}},"loc":{"start":{"line":48,"column":57},"end":{"line":58,"column":1}}},"6":{"name":"(anonymous_7)","decl":{"start":{"line":61,"column":51},"end":{"line":61,"column":56}},"loc":{"start":{"line":61,"column":62},"end":{"line":70,"column":1}}}},"branchMap":{"0":{"loc":{"start":{"line":24,"column":4},"end":{"line":26,"column":5}},"type":"if","locations":[{"start":{"line":24,"column":4},"end":{"line":26,"column":5}}]},"1":{"loc":{"start":{"line":41,"column":4},"end":{"line":43,"column":5}},"type":"if","locations":[{"start":{"line":41,"column":4},"end":{"line":43,"column":5}}]}},"s":{"0":1,"1":1,"2":1,"3":1,"4":0,"5":0,"6":1,"7":1,"8":0,"9":0,"10":1,"11":1,"12":0,"13":0,"14":0,"15":0,"16":1,"17":1,"18":0,"19":0,"20":1,"21":1,"22":0,"23":0,"24":0,"25":0,"26":1,"27":1,"28":0,"29":1,"30":1,"31":0,"32":1},"f":{"0":0,"1":0,"2":0,"3":0,"4":0,"5":0,"6":0},"b":{"0":[0],"1":[0]}}
,"C:\\Users\\manu\\Desktop\\CarManagement\\src\\Maintenance\\maintenance.controller.ts": {"path":"C:\\Users\\manu\\Desktop\\CarManagement\\src\\Maintenance\\maintenance.controller.ts","statementMap":{"0":{"start":{"line":2,"column":0},"end":{"line":2,"column":60}},"1":{"start":{"line":5,"column":33},"end":{"line":12,"column":1}},"2":{"start":{"line":6,"column":2},"end":{"line":11,"column":3}},"3":{"start":{"line":7,"column":20},"end":{"line":7,"column":53}},"4":{"start":{"line":8,"column":4},"end":{"line":8,"column":22}},"5":{"start":{"line":10,"column":4},"end":{"line":10,"column":75}},"6":{"start":{"line":5,"column":13},"end":{"line":5,"column":33}},"7":{"start":{"line":15,"column":34},"end":{"line":22,"column":1}},"8":{"start":{"line":16,"column":2},"end":{"line":21,"column":3}},"9":{"start":{"line":17,"column":19},"end":{"line":17,"column":74}},"10":{"start":{"line":18,"column":4},"end":{"line":18,"column":21}},"11":{"start":{"line":20,"column":4},"end":{"line":20,"column":68}},"12":{"start":{"line":15,"column":13},"end":{"line":15,"column":34}},"13":{"start":{"line":25,"column":33},"end":{"line":32,"column":1}},"14":{"start":{"line":26,"column":2},"end":{"line":31,"column":3}},"15":{"start":{"line":27,"column":22},"end":{"line":27,"column":63}},"16":{"start":{"line":28,"column":4},"end":{"line":28,"column":36}},"17":{"start":{"line":30,"column":4},"end":{"line":30,"column":75}},"18":{"start":{"line":25,"column":13},"end":{"line":25,"column":33}},"19":{"start":{"line":35,"column":33},"end":{"line":42,"column":1}},"20":{"start":{"line":36,"column":2},"end":{"line":41,"column":3}},"21":{"start":{"line":37,"column":20},"end":{"line":37,"column":84}},"22":{"start":{"line":38,"column":4},"end":{"line":38,"column":22}},"23":{"start":{"line":40,"column":4},"end":{"line":40,"column":75}},"24":{"start":{"line":35,"column":13},"end":{"line":35,"column":33}},"25":{"start":{"line":45,"column":33},"end":{"line":52,"column":1}},"26":{"start":{"line":46,"column":2},"end":{"line":51,"column":3}},"27":{"start":{"line":47,"column":4},"end":{"line":47,"column":59}},"28":{"start":{"line":48,"column":4},"end":{"line":48,"column":56}},"29":{"start":{"line":50,"column":4},"end":{"line":50,"column":75}},"30":{"start":{"line":45,"column":13},"end":{"line":45,"column":33}}},"fnMap":{"0":{"name":"(anonymous_9)","decl":{"start":{"line":5,"column":33},"end":{"line":5,"column":38}},"loc":{"start":{"line":5,"column":71},"end":{"line":12,"column":1}}},"1":{"name":"(anonymous_10)","decl":{"start":{"line":15,"column":34},"end":{"line":15,"column":39}},"loc":{"start":{"line":15,"column":72},"end":{"line":22,"column":1}}},"2":{"name":"(anonymous_11)","decl":{"start":{"line":25,"column":33},"end":{"line":25,"column":38}},"loc":{"start":{"line":25,"column":71},"end":{"line":32,"column":1}}},"3":{"name":"(anonymous_12)","decl":{"start":{"line":35,"column":33},"end":{"line":35,"column":38}},"loc":{"start":{"line":35,"column":71},"end":{"line":42,"column":1}}},"4":{"name":"(anonymous_13)","decl":{"start":{"line":45,"column":33},"end":{"line":45,"column":38}},"loc":{"start":{"line":45,"column":71},"end":{"line":52,"column":1}}}},"branchMap":{},"s":{"0":1,"1":1,"2":2,"3":2,"4":1,"5":1,"6":1,"7":1,"8":1,"9":1,"10":1,"11":0,"12":1,"13":1,"14":2,"15":2,"16":1,"17":1,"18":1,"19":1,"20":2,"21":2,"22":1,"23":1,"24":1,"25":1,"26":2,"27":2,"28":1,"29":1,"30":1},"f":{"0":2,"1":1,"2":2,"3":2,"4":2},"b":{}}
,"C:\\Users\\manu\\Desktop\\CarManagement\\src\\Maintenance\\maintenance.service.ts": {"path":"C:\\Users\\manu\\Desktop\\CarManagement\\src\\Maintenance\\maintenance.service.ts","statementMap":{"0":{"start":{"line":1,"column":0},"end":{"line":1,"column":33}},"1":{"start":{"line":2,"column":0},"end":{"line":2,"column":68}},"2":{"start":{"line":3,"column":0},"end":{"line":3,"column":33}},"3":{"start":{"line":6,"column":22},"end":{"line":9,"column":1}},"4":{"start":{"line":7,"column":25},"end":{"line":7,"column":67}},"5":{"start":{"line":8,"column":4},"end":{"line":8,"column":24}},"6":{"start":{"line":6,"column":13},"end":{"line":6,"column":22}},"7":{"start":{"line":13,"column":23},"end":{"line":18,"column":1}},"8":{"start":{"line":14,"column":24},"end":{"line":16,"column":6}},"9":{"start":{"line":17,"column":4},"end":{"line":17,"column":23}},"10":{"start":{"line":13,"column":13},"end":{"line":13,"column":23}},"11":{"start":{"line":20,"column":22},"end":{"line":26,"column":1}},"12":{"start":{"line":21,"column":23},"end":{"line":21,"column":88}},"13":{"start":{"line":22,"column":4},"end":{"line":24,"column":5}},"14":{"start":{"line":23,"column":8},"end":{"line":23,"column":24}},"15":{"start":{"line":25,"column":4},"end":{"line":25,"column":16}},"16":{"start":{"line":20,"column":13},"end":{"line":20,"column":22}},"17":{"start":{"line":29,"column":22},"end":{"line":33,"column":1}},"18":{"start":{"line":30,"column":4},"end":{"line":30,"column":112}},"19":{"start":{"line":31,"column":4},"end":{"line":31,"column":46}},"20":{"start":{"line":29,"column":13},"end":{"line":29,"column":22}},"21":{"start":{"line":37,"column":22},"end":{"line":43,"column":1}},"22":{"start":{"line":38,"column":4},"end":{"line":40,"column":62}},"23":{"start":{"line":42,"column":4},"end":{"line":42,"column":53}},"24":{"start":{"line":37,"column":13},"end":{"line":37,"column":22}}},"fnMap":{"0":{"name":"(anonymous_1)","decl":{"start":{"line":6,"column":22},"end":{"line":6,"column":27}},"loc":{"start":{"line":6,"column":33},"end":{"line":9,"column":1}}},"1":{"name":"(anonymous_2)","decl":{"start":{"line":13,"column":23},"end":{"line":13,"column":28}},"loc":{"start":{"line":13,"column":44},"end":{"line":18,"column":1}}},"2":{"name":"(anonymous_3)","decl":{"start":{"line":20,"column":22},"end":{"line":20,"column":27}},"loc":{"start":{"line":20,"column":59},"end":{"line":26,"column":1}}},"3":{"name":"(anonymous_4)","decl":{"start":{"line":29,"column":22},"end":{"line":29,"column":27}},"loc":{"start":{"line":29,"column":82},"end":{"line":33,"column":1}}},"4":{"name":"(anonymous_5)","decl":{"start":{"line":37,"column":22},"end":{"line":37,"column":27}},"loc":{"start":{"line":37,"column":54},"end":{"line":43,"column":1}}}},"branchMap":{"0":{"loc":{"start":{"line":22,"column":4},"end":{"line":24,"column":5}},"type":"if","locations":[{"start":{"line":22,"column":4},"end":{"line":24,"column":5}}]}},"s":{"0":1,"1":1,"2":1,"3":1,"4":0,"5":0,"6":1,"7":1,"8":0,"9":0,"10":1,"11":1,"12":0,"13":0,"14":0,"15":0,"16":1,"17":1,"18":0,"19":0,"20":1,"21":1,"22":0,"23":0,"24":1},"f":{"0":0,"1":0,"2":0,"3":0,"4":0},"b":{"0":[0]}}
,"C:\\Users\\manu\\Desktop\\CarManagement\\src\\Payment\\payment.controller.ts": {"path":"C:\\Users\\manu\\Desktop\\CarManagement\\src\\Payment\\payment.controller.ts","statementMap":{"0":{"start":{"line":2,"column":0},"end":{"line":2,"column":52}},"1":{"start":{"line":6,"column":30},"end":{"line":13,"column":1}},"2":{"start":{"line":7,"column":2},"end":{"line":12,"column":3}},"3":{"start":{"line":8,"column":21},"end":{"line":8,"column":50}},"4":{"start":{"line":9,"column":4},"end":{"line":9,"column":23}},"5":{"start":{"line":11,"column":4},"end":{"line":11,"column":64}},"6":{"start":{"line":6,"column":13},"end":{"line":6,"column":30}},"7":{"start":{"line":16,"column":30},"end":{"line":23,"column":1}},"8":{"start":{"line":17,"column":2},"end":{"line":22,"column":3}},"9":{"start":{"line":18,"column":20},"end":{"line":18,"column":71}},"10":{"start":{"line":19,"column":4},"end":{"line":19,"column":22}},"11":{"start":{"line":21,"column":4},"end":{"line":21,"column":57}},"12":{"start":{"line":16,"column":13},"end":{"line":16,"column":30}},"13":{"start":{"line":26,"column":29},"end":{"line":33,"column":1}},"14":{"start":{"line":27,"column":2},"end":{"line":32,"column":3}},"15":{"start":{"line":28,"column":23},"end":{"line":28,"column":60}},"16":{"start":{"line":29,"column":4},"end":{"line":29,"column":37}},"17":{"start":{"line":31,"column":4},"end":{"line":31,"column":64}},"18":{"start":{"line":26,"column":13},"end":{"line":26,"column":29}},"19":{"start":{"line":36,"column":29},"end":{"line":43,"column":1}},"20":{"start":{"line":37,"column":2},"end":{"line":42,"column":3}},"21":{"start":{"line":38,"column":27},"end":{"line":38,"column":87}},"22":{"start":{"line":39,"column":4},"end":{"line":39,"column":29}},"23":{"start":{"line":41,"column":4},"end":{"line":41,"column":64}},"24":{"start":{"line":36,"column":13},"end":{"line":36,"column":29}},"25":{"start":{"line":46,"column":29},"end":{"line":53,"column":1}},"26":{"start":{"line":47,"column":2},"end":{"line":52,"column":3}},"27":{"start":{"line":48,"column":4},"end":{"line":48,"column":55}},"28":{"start":{"line":49,"column":4},"end":{"line":49,"column":45}},"29":{"start":{"line":51,"column":4},"end":{"line":51,"column":64}},"30":{"start":{"line":46,"column":13},"end":{"line":46,"column":29}},"31":{"start":{"line":54,"column":44},"end":{"line":61,"column":1}},"32":{"start":{"line":55,"column":2},"end":{"line":60,"column":3}},"33":{"start":{"line":56,"column":19},"end":{"line":56,"column":64}},"34":{"start":{"line":57,"column":4},"end":{"line":57,"column":21}},"35":{"start":{"line":59,"column":4},"end":{"line":59,"column":78}},"36":{"start":{"line":54,"column":13},"end":{"line":54,"column":44}}},"fnMap":{"0":{"name":"(anonymous_9)","decl":{"start":{"line":6,"column":30},"end":{"line":6,"column":35}},"loc":{"start":{"line":6,"column":68},"end":{"line":13,"column":1}}},"1":{"name":"(anonymous_10)","decl":{"start":{"line":16,"column":30},"end":{"line":16,"column":35}},"loc":{"start":{"line":16,"column":68},"end":{"line":23,"column":1}}},"2":{"name":"(anonymous_11)","decl":{"start":{"line":26,"column":29},"end":{"line":26,"column":34}},"loc":{"start":{"line":26,"column":67},"end":{"line":33,"column":1}}},"3":{"name":"(anonymous_12)","decl":{"start":{"line":36,"column":29},"end":{"line":36,"column":34}},"loc":{"start":{"line":36,"column":67},"end":{"line":43,"column":1}}},"4":{"name":"(anonymous_13)","decl":{"start":{"line":46,"column":29},"end":{"line":46,"column":34}},"loc":{"start":{"line":46,"column":67},"end":{"line":53,"column":1}}},"5":{"name":"(anonymous_14)","decl":{"start":{"line":54,"column":44},"end":{"line":54,"column":49}},"loc":{"start":{"line":54,"column":83},"end":{"line":61,"column":1}}}},"branchMap":{},"s":{"0":1,"1":1,"2":1,"3":1,"4":1,"5":0,"6":1,"7":1,"8":2,"9":2,"10":1,"11":1,"12":1,"13":1,"14":2,"15":2,"16":1,"17":1,"18":1,"19":1,"20":2,"21":2,"22":1,"23":1,"24":1,"25":1,"26":2,"27":2,"28":1,"29":1,"30":1,"31":1,"32":0,"33":0,"34":0,"35":0,"36":1},"f":{"0":1,"1":2,"2":2,"3":2,"4":2,"5":0},"b":{}}
,"C:\\Users\\manu\\Desktop\\CarManagement\\src\\Payment\\payment.service.ts": {"path":"C:\\Users\\manu\\Desktop\\CarManagement\\src\\Payment\\payment.service.ts","statementMap":{"0":{"start":{"line":1,"column":0},"end":{"line":1,"column":31}},"1":{"start":{"line":2,"column":0},"end":{"line":2,"column":75}},"2":{"start":{"line":3,"column":0},"end":{"line":3,"column":33}},"3":{"start":{"line":7,"column":22},"end":{"line":11,"column":1}},"4":{"start":{"line":8,"column":15},"end":{"line":8,"column":53}},"5":{"start":{"line":9,"column":0},"end":{"line":9,"column":16}},"6":{"start":{"line":7,"column":13},"end":{"line":7,"column":22}},"7":{"start":{"line":14,"column":23},"end":{"line":19,"column":1}},"8":{"start":{"line":15,"column":14},"end":{"line":17,"column":2}},"9":{"start":{"line":18,"column":1},"end":{"line":18,"column":16}},"10":{"start":{"line":14,"column":13},"end":{"line":14,"column":23}},"11":{"start":{"line":21,"column":22},"end":{"line":29,"column":1}},"12":{"start":{"line":22,"column":18},"end":{"line":22,"column":75}},"13":{"start":{"line":23,"column":0},"end":{"line":25,"column":1}},"14":{"start":{"line":24,"column":4},"end":{"line":24,"column":null}},"15":{"start":{"line":27,"column":0},"end":{"line":27,"column":null}},"16":{"start":{"line":21,"column":13},"end":{"line":21,"column":22}},"17":{"start":{"line":32,"column":22},"end":{"line":39,"column":1}},"18":{"start":{"line":33,"column":17},"end":{"line":37,"column":16}},"19":{"start":{"line":38,"column":2},"end":{"line":38,"column":19}},"20":{"start":{"line":32,"column":13},"end":{"line":32,"column":22}},"21":{"start":{"line":41,"column":26},"end":{"line":45,"column":1}},"22":{"start":{"line":42,"column":4},"end":{"line":42,"column":92}},"23":{"start":{"line":43,"column":4},"end":{"line":43,"column":42}},"24":{"start":{"line":41,"column":13},"end":{"line":41,"column":26}},"25":{"start":{"line":48,"column":22},"end":{"line":51,"column":1}},"26":{"start":{"line":49,"column":4},"end":{"line":49,"column":null}},"27":{"start":{"line":50,"column":4},"end":{"line":50,"column":42}},"28":{"start":{"line":48,"column":13},"end":{"line":48,"column":22}},"29":{"start":{"line":53,"column":38},"end":{"line":58,"column":1}},"30":{"start":{"line":54,"column":2},"end":{"line":57,"column":90}},"31":{"start":{"line":53,"column":13},"end":{"line":53,"column":38}}},"fnMap":{"0":{"name":"(anonymous_1)","decl":{"start":{"line":7,"column":22},"end":{"line":7,"column":27}},"loc":{"start":{"line":7,"column":33},"end":{"line":11,"column":1}}},"1":{"name":"(anonymous_2)","decl":{"start":{"line":14,"column":23},"end":{"line":14,"column":28}},"loc":{"start":{"line":14,"column":51},"end":{"line":19,"column":1}}},"2":{"name":"(anonymous_3)","decl":{"start":{"line":21,"column":22},"end":{"line":21,"column":27}},"loc":{"start":{"line":21,"column":51},"end":{"line":29,"column":1}}},"3":{"name":"(anonymous_4)","decl":{"start":{"line":32,"column":22},"end":{"line":32,"column":27}},"loc":{"start":{"line":32,"column":54},"end":{"line":39,"column":1}}},"4":{"name":"(anonymous_5)","decl":{"start":{"line":41,"column":26},"end":{"line":41,"column":31}},"loc":{"start":{"line":41,"column":74},"end":{"line":45,"column":1}}},"5":{"name":"(anonymous_6)","decl":{"start":{"line":48,"column":22},"end":{"line":48,"column":27}},"loc":{"start":{"line":48,"column":50},"end":{"line":51,"column":1}}},"6":{"name":"(anonymous_7)","decl":{"start":{"line":53,"column":38},"end":{"line":53,"column":43}},"loc":{"start":{"line":53,"column":49},"end":{"line":58,"column":1}}}},"branchMap":{"0":{"loc":{"start":{"line":23,"column":0},"end":{"line":25,"column":1}},"type":"if","locations":[{"start":{"line":23,"column":0},"end":{"line":25,"column":1}}]}},"s":{"0":1,"1":1,"2":1,"3":1,"4":0,"5":0,"6":1,"7":1,"8":0,"9":0,"10":1,"11":1,"12":0,"13":0,"14":0,"15":0,"16":1,"17":1,"18":0,"19":0,"20":1,"21":1,"22":0,"23":0,"24":1,"25":1,"26":0,"27":0,"28":1,"29":1,"30":0,"31":1},"f":{"0":0,"1":0,"2":0,"3":0,"4":0,"5":0,"6":0},"b":{"0":[0]}}
,"C:\\Users\\manu\\Desktop\\CarManagement\\src\\Reservation\\reservation.controller.ts": {"path":"C:\\Users\\manu\\Desktop\\CarManagement\\src\\Reservation\\reservation.controller.ts","statementMap":{"0":{"start":{"line":2,"column":0},"end":{"line":2,"column":60}},"1":{"start":{"line":5,"column":34},"end":{"line":12,"column":1}},"2":{"start":{"line":6,"column":2},"end":{"line":11,"column":3}},"3":{"start":{"line":7,"column":25},"end":{"line":7,"column":58}},"4":{"start":{"line":8,"column":4},"end":{"line":8,"column":27}},"5":{"start":{"line":10,"column":4},"end":{"line":10,"column":68}},"6":{"start":{"line":5,"column":13},"end":{"line":5,"column":34}},"7":{"start":{"line":15,"column":34},"end":{"line":22,"column":1}},"8":{"start":{"line":16,"column":2},"end":{"line":21,"column":3}},"9":{"start":{"line":17,"column":24},"end":{"line":17,"column":79}},"10":{"start":{"line":18,"column":4},"end":{"line":18,"column":26}},"11":{"start":{"line":20,"column":4},"end":{"line":20,"column":61}},"12":{"start":{"line":15,"column":13},"end":{"line":15,"column":34}},"13":{"start":{"line":25,"column":33},"end":{"line":32,"column":1}},"14":{"start":{"line":26,"column":2},"end":{"line":31,"column":3}},"15":{"start":{"line":27,"column":27},"end":{"line":27,"column":68}},"16":{"start":{"line":28,"column":4},"end":{"line":28,"column":41}},"17":{"start":{"line":30,"column":4},"end":{"line":30,"column":68}},"18":{"start":{"line":25,"column":13},"end":{"line":25,"column":33}},"19":{"start":{"line":35,"column":33},"end":{"line":42,"column":1}},"20":{"start":{"line":36,"column":2},"end":{"line":41,"column":3}},"21":{"start":{"line":37,"column":31},"end":{"line":37,"column":95}},"22":{"start":{"line":38,"column":4},"end":{"line":38,"column":33}},"23":{"start":{"line":40,"column":4},"end":{"line":40,"column":68}},"24":{"start":{"line":35,"column":13},"end":{"line":35,"column":33}},"25":{"start":{"line":45,"column":33},"end":{"line":52,"column":1}},"26":{"start":{"line":46,"column":2},"end":{"line":51,"column":3}},"27":{"start":{"line":47,"column":4},"end":{"line":47,"column":59}},"28":{"start":{"line":48,"column":4},"end":{"line":48,"column":49}},"29":{"start":{"line":50,"column":4},"end":{"line":50,"column":68}},"30":{"start":{"line":45,"column":13},"end":{"line":45,"column":33}}},"fnMap":{"0":{"name":"(anonymous_9)","decl":{"start":{"line":5,"column":34},"end":{"line":5,"column":39}},"loc":{"start":{"line":5,"column":72},"end":{"line":12,"column":1}}},"1":{"name":"(anonymous_10)","decl":{"start":{"line":15,"column":34},"end":{"line":15,"column":39}},"loc":{"start":{"line":15,"column":72},"end":{"line":22,"column":1}}},"2":{"name":"(anonymous_11)","decl":{"start":{"line":25,"column":33},"end":{"line":25,"column":38}},"loc":{"start":{"line":25,"column":71},"end":{"line":32,"column":1}}},"3":{"name":"(anonymous_12)","decl":{"start":{"line":35,"column":33},"end":{"line":35,"column":38}},"loc":{"start":{"line":35,"column":71},"end":{"line":42,"column":1}}},"4":{"name":"(anonymous_13)","decl":{"start":{"line":45,"column":33},"end":{"line":45,"column":38}},"loc":{"start":{"line":45,"column":71},"end":{"line":52,"column":1}}}},"branchMap":{},"s":{"0":1,"1":1,"2":2,"3":2,"4":1,"5":1,"6":1,"7":1,"8":2,"9":2,"10":1,"11":1,"12":1,"13":1,"14":2,"15":2,"16":1,"17":1,"18":1,"19":1,"20":2,"21":2,"22":1,"23":1,"24":1,"25":1,"26":2,"27":2,"28":1,"29":1,"30":1},"f":{"0":2,"1":2,"2":2,"3":2,"4":2},"b":{}}
,"C:\\Users\\manu\\Desktop\\CarManagement\\src\\Reservation\\reservation.service.ts": {"path":"C:\\Users\\manu\\Desktop\\CarManagement\\src\\Reservation\\reservation.service.ts","statementMap":{"0":{"start":{"line":1,"column":0},"end":{"line":1,"column":32}},"1":{"start":{"line":2,"column":0},"end":{"line":2,"column":93}},"2":{"start":{"line":3,"column":0},"end":{"line":3,"column":33}},"3":{"start":{"line":7,"column":22},"end":{"line":10,"column":5}},"4":{"start":{"line":8,"column":25},"end":{"line":8,"column":67}},"5":{"start":{"line":9,"column":4},"end":{"line":9,"column":24}},"6":{"start":{"line":7,"column":13},"end":{"line":7,"column":22}},"7":{"start":{"line":14,"column":25},"end":{"line":20,"column":5}},"8":{"start":{"line":15,"column":26},"end":{"line":17,"column":10}},"9":{"start":{"line":18,"column":8},"end":{"line":18,"column":null}},"10":{"start":{"line":14,"column":17},"end":{"line":14,"column":25}},"11":{"start":{"line":23,"column":22},"end":{"line":29,"column":1}},"12":{"start":{"line":24,"column":21},"end":{"line":24,"column":86}},"13":{"start":{"line":25,"column":2},"end":{"line":27,"column":3}},"14":{"start":{"line":26,"column":4},"end":{"line":26,"column":20}},"15":{"start":{"line":28,"column":2},"end":{"line":28,"column":14}},"16":{"start":{"line":23,"column":13},"end":{"line":23,"column":22}},"17":{"start":{"line":31,"column":22},"end":{"line":38,"column":1}},"18":{"start":{"line":32,"column":17},"end":{"line":36,"column":16}},"19":{"start":{"line":37,"column":2},"end":{"line":37,"column":19}},"20":{"start":{"line":31,"column":13},"end":{"line":31,"column":22}},"21":{"start":{"line":41,"column":24},"end":{"line":44,"column":5}},"22":{"start":{"line":42,"column":8},"end":{"line":42,"column":88}},"23":{"start":{"line":43,"column":8},"end":{"line":43,"column":50}},"24":{"start":{"line":41,"column":17},"end":{"line":41,"column":24}}},"fnMap":{"0":{"name":"(anonymous_1)","decl":{"start":{"line":7,"column":22},"end":{"line":7,"column":27}},"loc":{"start":{"line":7,"column":33},"end":{"line":10,"column":5}}},"1":{"name":"(anonymous_2)","decl":{"start":{"line":14,"column":25},"end":{"line":14,"column":30}},"loc":{"start":{"line":14,"column":45},"end":{"line":20,"column":5}}},"2":{"name":"(anonymous_3)","decl":{"start":{"line":23,"column":22},"end":{"line":23,"column":27}},"loc":{"start":{"line":23,"column":59},"end":{"line":29,"column":1}}},"3":{"name":"(anonymous_4)","decl":{"start":{"line":31,"column":22},"end":{"line":31,"column":27}},"loc":{"start":{"line":31,"column":54},"end":{"line":38,"column":1}}},"4":{"name":"(anonymous_5)","decl":{"start":{"line":41,"column":24},"end":{"line":41,"column":29}},"loc":{"start":{"line":41,"column":43},"end":{"line":44,"column":5}}}},"branchMap":{"0":{"loc":{"start":{"line":25,"column":2},"end":{"line":27,"column":3}},"type":"if","locations":[{"start":{"line":25,"column":2},"end":{"line":27,"column":3}}]}},"s":{"0":1,"1":1,"2":1,"3":1,"4":0,"5":0,"6":1,"7":1,"8":0,"9":0,"10":1,"11":1,"12":0,"13":0,"14":0,"15":0,"16":1,"17":1,"18":0,"19":0,"20":1,"21":1,"22":0,"23":0,"24":1},"f":{"0":0,"1":0,"2":0,"3":0,"4":0},"b":{"0":[0]}}
,"C:\\Users\\manu\\Desktop\\CarManagement\\src\\auth\\auth.controller.ts": {"path":"C:\\Users\\manu\\Desktop\\CarManagement\\src\\auth\\auth.controller.ts","statementMap":{"0":{"start":{"line":1,"column":0},"end":{"line":1,"column":30}},"1":{"start":{"line":3,"column":0},"end":{"line":3,"column":110}},"2":{"start":{"line":4,"column":0},"end":{"line":4,"column":31}},"3":{"start":{"line":7,"column":0},"end":{"line":7,"column":38}},"4":{"start":{"line":11,"column":38},"end":{"line":59,"column":1}},"5":{"start":{"line":17,"column":4},"end":{"line":17,"column":null}},"6":{"start":{"line":20,"column":4},"end":{"line":58,"column":5}},"7":{"start":{"line":21,"column":32},"end":{"line":21,"column":40}},"8":{"start":{"line":24,"column":25},"end":{"line":24,"column":38}},"9":{"start":{"line":25,"column":31},"end":{"line":25,"column":66}},"10":{"start":{"line":26,"column":8},"end":{"line":26,"column":39}},"11":{"start":{"line":29,"column":33},"end":{"line":29,"column":87}},"12":{"start":{"line":30,"column":8},"end":{"line":30,"column":49}},"13":{"start":{"line":31,"column":8},"end":{"line":31,"column":32}},"14":{"start":{"line":34,"column":27},"end":{"line":34,"column":56}},"15":{"start":{"line":35,"column":8},"end":{"line":35,"column":86}},"16":{"start":{"line":35,"column":25},"end":{"line":35,"column":86}},"17":{"start":{"line":38,"column":8},"end":{"line":51,"column":9}},"18":{"start":{"line":39,"column":12},"end":{"line":48,"column":14}},"19":{"start":{"line":50,"column":12},"end":{"line":50,"column":84}},"20":{"start":{"line":53,"column":8},"end":{"line":53,"column":115}},"21":{"start":{"line":56,"column":8},"end":{"line":56,"column":56}},"22":{"start":{"line":57,"column":8},"end":{"line":57,"column":62}},"23":{"start":{"line":11,"column":13},"end":{"line":11,"column":38}},"24":{"start":{"line":61,"column":36},"end":{"line":97,"column":1}},"25":{"start":{"line":62,"column":40},"end":{"line":62,"column":48}},"26":{"start":{"line":64,"column":4},"end":{"line":96,"column":5}},"27":{"start":{"line":65,"column":21},"end":{"line":65,"column":55}},"28":{"start":{"line":67,"column":8},"end":{"line":69,"column":9}},"29":{"start":{"line":68,"column":12},"end":{"line":68,"column":71}},"30":{"start":{"line":71,"column":8},"end":{"line":73,"column":9}},"31":{"start":{"line":72,"column":12},"end":{"line":72,"column":82}},"32":{"start":{"line":75,"column":8},"end":{"line":75,"column":39}},"33":{"start":{"line":78,"column":8},"end":{"line":90,"column":9}},"34":{"start":{"line":79,"column":12},"end":{"line":87,"column":14}},"35":{"start":{"line":89,"column":12},"end":{"line":89,"column":76}},"36":{"start":{"line":92,"column":8},"end":{"line":92,"column":79}},"37":{"start":{"line":95,"column":8},"end":{"line":95,"column":62}},"38":{"start":{"line":61,"column":13},"end":{"line":61,"column":36}},"39":{"start":{"line":101,"column":35},"end":{"line":151,"column":1}},"40":{"start":{"line":102,"column":4},"end":{"line":150,"column":5}},"41":{"start":{"line":103,"column":21},"end":{"line":103,"column":29}},"42":{"start":{"line":106,"column":26},"end":{"line":106,"column":54}},"43":{"start":{"line":107,"column":8},"end":{"line":109,"column":9}},"44":{"start":{"line":108,"column":12},"end":{"line":108,"column":71}},"45":{"start":{"line":112,"column":26},"end":{"line":112,"column":95}},"46":{"start":{"line":113,"column":8},"end":{"line":115,"column":9}},"47":{"start":{"line":114,"column":12},"end":{"line":114,"column":76}},"48":{"start":{"line":118,"column":24},"end":{"line":126,"column":null}},"49":{"start":{"line":129,"column":23},"end":{"line":129,"column":55}},"50":{"start":{"line":130,"column":8},"end":{"line":132,"column":9}},"51":{"start":{"line":131,"column":12},"end":{"line":131,"column":86}},"52":{"start":{"line":133,"column":22},"end":{"line":133,"column":47}},"53":{"start":{"line":136,"column":8},"end":{"line":146,"column":null}},"54":{"start":{"line":149,"column":8},"end":{"line":149,"column":62}},"55":{"start":{"line":101,"column":13},"end":{"line":101,"column":35}},"56":{"start":{"line":154,"column":4},"end":{"line":154,"column":49}}},"fnMap":{"0":{"name":"(anonymous_1)","decl":{"start":{"line":11,"column":38},"end":{"line":11,"column":43}},"loc":{"start":{"line":11,"column":76},"end":{"line":59,"column":1}}},"1":{"name":"(anonymous_2)","decl":{"start":{"line":61,"column":36},"end":{"line":61,"column":41}},"loc":{"start":{"line":61,"column":74},"end":{"line":97,"column":1}}},"2":{"name":"(anonymous_3)","decl":{"start":{"line":101,"column":35},"end":{"line":101,"column":40}},"loc":{"start":{"line":101,"column":73},"end":{"line":151,"column":1}}},"3":{"name":"sendMail","decl":{"start":{"line":153,"column":9},"end":{"line":153,"column":17}},"loc":{"start":{"line":153,"column":70},"end":{"line":155,"column":1}}}},"branchMap":{"0":{"loc":{"start":{"line":35,"column":8},"end":{"line":35,"column":86}},"type":"if","locations":[{"start":{"line":35,"column":8},"end":{"line":35,"column":86}}]},"1":{"loc":{"start":{"line":67,"column":8},"end":{"line":69,"column":9}},"type":"if","locations":[{"start":{"line":67,"column":8},"end":{"line":69,"column":9}}]},"2":{"loc":{"start":{"line":71,"column":8},"end":{"line":73,"column":9}},"type":"if","locations":[{"start":{"line":71,"column":8},"end":{"line":73,"column":9}}]},"3":{"loc":{"start":{"line":107,"column":8},"end":{"line":109,"column":9}},"type":"if","locations":[{"start":{"line":107,"column":8},"end":{"line":109,"column":9}}]},"4":{"loc":{"start":{"line":113,"column":8},"end":{"line":115,"column":9}},"type":"if","locations":[{"start":{"line":113,"column":8},"end":{"line":115,"column":9}}]},"5":{"loc":{"start":{"line":130,"column":8},"end":{"line":132,"column":9}},"type":"if","locations":[{"start":{"line":130,"column":8},"end":{"line":132,"column":9}}]}},"s":{"0":1,"1":1,"2":1,"3":1,"4":1,"5":1,"6":1,"7":1,"8":1,"9":1,"10":1,"11":1,"12":1,"13":1,"14":1,"15":0,"16":0,"17":0,"18":0,"19":0,"20":0,"21":1,"22":1,"23":1,"24":1,"25":1,"26":1,"27":1,"28":0,"29":0,"30":0,"31":0,"32":0,"33":0,"34":0,"35":0,"36":0,"37":1,"38":1,"39":1,"40":1,"41":1,"42":1,"43":0,"44":0,"45":0,"46":0,"47":0,"48":0,"49":0,"50":0,"51":0,"52":0,"53":0,"54":1,"55":1,"56":0},"f":{"0":1,"1":1,"2":1,"3":0},"b":{"0":[0],"1":[0],"2":[0],"3":[0],"4":[0],"5":[0]}}
,"C:\\Users\\manu\\Desktop\\CarManagement\\src\\auth\\auth.service.ts": {"path":"C:\\Users\\manu\\Desktop\\CarManagement\\src\\auth\\auth.service.ts","statementMap":{"0":{"start":{"line":1,"column":0},"end":{"line":1,"column":34}},"1":{"start":{"line":2,"column":0},"end":{"line":2,"column":31}},"2":{"start":{"line":3,"column":0},"end":{"line":3,"column":78}},"3":{"start":{"line":5,"column":33},"end":{"line":8,"column":1}},"4":{"start":{"line":6,"column":4},"end":{"line":6,"column":48}},"5":{"start":{"line":7,"column":4},"end":{"line":7,"column":39}},"6":{"start":{"line":5,"column":13},"end":{"line":5,"column":33}},"7":{"start":{"line":10,"column":33},"end":{"line":15,"column":1}},"8":{"start":{"line":11,"column":4},"end":{"line":13,"column":55}},"9":{"start":{"line":10,"column":13},"end":{"line":10,"column":33}},"10":{"start":{"line":16,"column":37},"end":{"line":21,"column":1}},"11":{"start":{"line":17,"column":4},"end":{"line":19,"column":null}},"12":{"start":{"line":16,"column":13},"end":{"line":16,"column":37}},"13":{"start":{"line":24,"column":32},"end":{"line":38,"column":1}},"14":{"start":{"line":25,"column":22},"end":{"line":25,"column":26}},"15":{"start":{"line":27,"column":4},"end":{"line":37,"column":null}},"16":{"start":{"line":24,"column":13},"end":{"line":24,"column":32}}},"fnMap":{"0":{"name":"(anonymous_1)","decl":{"start":{"line":5,"column":33},"end":{"line":5,"column":38}},"loc":{"start":{"line":5,"column":60},"end":{"line":8,"column":1}}},"1":{"name":"(anonymous_2)","decl":{"start":{"line":10,"column":33},"end":{"line":10,"column":38}},"loc":{"start":{"line":10,"column":57},"end":{"line":15,"column":1}}},"2":{"name":"(anonymous_3)","decl":{"start":{"line":16,"column":37},"end":{"line":16,"column":42}},"loc":{"start":{"line":16,"column":60},"end":{"line":21,"column":1}}},"3":{"name":"(anonymous_4)","decl":{"start":{"line":24,"column":32},"end":{"line":24,"column":37}},"loc":{"start":{"line":24,"column":55},"end":{"line":38,"column":1}}}},"branchMap":{},"s":{"0":1,"1":1,"2":1,"3":1,"4":0,"5":0,"6":1,"7":1,"8":0,"9":1,"10":1,"11":0,"12":1,"13":1,"14":0,"15":0,"16":1},"f":{"0":0,"1":0,"2":0,"3":0},"b":{}}
}
