TN:
SF:src\mailer.ts
FN:3,(anonymous_1)
FNF:1
FNH:0
FNDA:0,(anonymous_1)
DA:1,1
DA:3,1
DA:10,0
DA:11,0
DA:22,0
DA:29,0
DA:30,0
DA:32,0
DA:33,0
DA:34,0
DA:35,0
DA:37,0
DA:41,0
LF:13
LH:2
BRDA:32,0,0,0
BRDA:32,0,1,0
BRDA:34,1,0,0
BRDA:34,1,1,0
BRF:4
BRH:0
end_of_record
TN:
SF:src\Booking\booking.controller.ts
FN:5,(anonymous_9)
FN:15,(anonymous_10)
FN:25,(anonymous_11)
FN:35,(anonymous_12)
FN:45,(anonymous_13)
FNF:5
FNH:5
FNDA:1,(anonymous_9)
FNDA:1,(anonymous_10)
FNDA:1,(anonymous_11)
FNDA:1,(anonymous_12)
FNDA:2,(anonymous_13)
DA:2,1
DA:5,1
DA:6,1
DA:7,1
DA:8,1
DA:10,0
DA:15,1
DA:16,1
DA:17,1
DA:18,1
DA:20,0
DA:25,1
DA:26,1
DA:27,1
DA:28,1
DA:30,0
DA:35,1
DA:36,1
DA:37,1
DA:38,1
DA:40,0
DA:45,1
DA:46,2
DA:47,2
DA:49,2
DA:50,1
DA:52,1
DA:55,0
LF:28
LH:23
BRDA:49,0,0,1
BRDA:49,0,1,1
BRF:2
BRH:2
end_of_record
TN:
SF:src\Booking\booking.service.ts
FN:6,(anonymous_1)
FN:12,(anonymous_2)
FN:20,(anonymous_3)
FN:26,(anonymous_4)
FN:35,(anonymous_5)
FNF:5
FNH:0
FNDA:0,(anonymous_1)
FNDA:0,(anonymous_2)
FNDA:0,(anonymous_3)
FNDA:0,(anonymous_4)
FNDA:0,(anonymous_5)
DA:1,1
DA:2,1
DA:3,1
DA:6,1
DA:7,0
DA:8,0
DA:12,1
DA:13,0
DA:16,0
DA:20,1
DA:21,0
DA:22,0
DA:26,1
DA:27,0
DA:28,0
DA:35,1
DA:36,0
DA:37,0
LF:18
LH:8
BRF:0
BRH:0
end_of_record
TN:
SF:src\Car\car.controller.ts
FN:5,(anonymous_9)
FN:15,(anonymous_10)
FN:25,(anonymous_11)
FN:37,(anonymous_12)
FN:47,(anonymous_13)
FN:57,(anonymous_14)
FN:69,(anonymous_15)
FNF:7
FNH:5
FNDA:1,(anonymous_9)
FNDA:2,(anonymous_10)
FNDA:2,(anonymous_11)
FNDA:2,(anonymous_12)
FNDA:1,(anonymous_13)
FNDA:0,(anonymous_14)
FNDA:0,(anonymous_15)
DA:2,1
DA:5,1
DA:6,1
DA:7,1
DA:8,1
DA:10,0
DA:15,1
DA:16,2
DA:17,2
DA:18,1
DA:20,1
DA:25,1
DA:26,2
DA:27,2
DA:28,1
DA:31,1
DA:32,1
DA:37,1
DA:38,2
DA:39,2
DA:40,1
DA:42,1
DA:47,1
DA:48,1
DA:49,1
DA:50,0
DA:52,1
DA:57,1
DA:58,0
DA:59,0
DA:60,0
DA:62,0
DA:69,1
DA:70,0
DA:71,0
DA:72,0
DA:74,0
LF:37
LH:27
BRF:0
BRH:0
end_of_record
TN:
SF:src\Car\car.service.ts
FN:6,(anonymous_1)
FN:13,(anonymous_2)
FN:23,(anonymous_3)
FN:33,(anonymous_4)
FN:40,(anonymous_5)
FN:46,(anonymous_6)
FN:67,(anonymous_7)
FNF:7
FNH:0
FNDA:0,(anonymous_1)
FNDA:0,(anonymous_2)
FNDA:0,(anonymous_3)
FNDA:0,(anonymous_4)
FNDA:0,(anonymous_5)
FNDA:0,(anonymous_6)
FNDA:0,(anonymous_7)
DA:1,1
DA:2,1
DA:3,1
DA:6,1
DA:7,0
DA:8,0
DA:13,1
DA:14,0
DA:18,0
DA:23,1
DA:24,0
DA:25,0
DA:26,0
DA:28,0
DA:33,1
DA:34,0
DA:36,0
DA:40,1
DA:41,0
DA:42,0
DA:46,1
DA:47,0
DA:67,1
DA:68,0
LF:24
LH:10
BRDA:25,0,0,0
BRF:1
BRH:0
end_of_record
TN:
SF:src\Drizzle\db.ts
FN:11,(anonymous_9)
FN:14,(anonymous_10)
FN:16,(anonymous_11)
FNF:3
FNH:2
FNDA:8,(anonymous_9)
FNDA:2,(anonymous_10)
FNDA:0,(anonymous_11)
DA:1,8
DA:3,8
DA:4,8
DA:5,8
DA:7,8
DA:11,8
DA:12,8
DA:14,8
DA:15,2
DA:17,0
DA:21,8
DA:23,8
LF:12
LH:11
BRF:0
BRH:0
end_of_record
TN:
SF:src\Drizzle\schema.ts
FN:39,(anonymous_0)
FN:45,(anonymous_1)
FN:46,(anonymous_2)
FN:55,(anonymous_3)
FN:56,(anonymous_4)
FN:65,(anonymous_5)
FN:75,(anonymous_6)
FN:86,(anonymous_7)
FN:97,(anonymous_8)
FN:103,(anonymous_9)
FN:108,(anonymous_10)
FN:120,(anonymous_11)
FN:132,(anonymous_12)
FN:145,(anonymous_13)
FN:153,(anonymous_14)
FN:161,(anonymous_15)
FNF:16
FNH:8
FNDA:0,(anonymous_0)
FNDA:0,(anonymous_1)
FNDA:0,(anonymous_2)
FNDA:0,(anonymous_3)
FNDA:0,(anonymous_4)
FNDA:0,(anonymous_5)
FNDA:0,(anonymous_6)
FNDA:0,(anonymous_7)
FNDA:8,(anonymous_8)
FNDA:8,(anonymous_9)
FNDA:8,(anonymous_10)
FNDA:8,(anonymous_11)
FNDA:8,(anonymous_12)
FNDA:8,(anonymous_13)
FNDA:8,(anonymous_14)
FNDA:8,(anonymous_15)
DA:2,8
DA:3,8
DA:4,8
DA:7,8
DA:10,8
DA:24,8
DA:32,8
DA:39,0
DA:43,8
DA:45,0
DA:46,0
DA:53,8
DA:55,0
DA:56,0
DA:63,8
DA:65,0
DA:73,8
DA:75,0
DA:84,8
DA:86,0
DA:97,8
DA:103,8
DA:108,8
DA:120,8
DA:132,8
DA:145,8
DA:153,8
DA:161,8
LF:28
LH:20
BRF:0
BRH:0
end_of_record
TN:
SF:src\Insurance\insurance.controller.ts
FN:5,(anonymous_9)
FN:15,(anonymous_10)
FN:25,(anonymous_11)
FN:35,(anonymous_12)
FN:45,(anonymous_13)
FNF:5
FNH:5
FNDA:2,(anonymous_9)
FNDA:3,(anonymous_10)
FNDA:2,(anonymous_11)
FNDA:3,(anonymous_12)
FNDA:3,(anonymous_13)
DA:2,1
DA:5,1
DA:6,2
DA:7,2
DA:8,1
DA:10,1
DA:15,1
DA:16,3
DA:17,3
DA:18,2
DA:20,1
DA:25,1
DA:26,2
DA:27,2
DA:28,1
DA:30,1
DA:35,1
DA:36,3
DA:37,3
DA:38,2
DA:40,1
DA:45,1
DA:46,3
DA:47,3
DA:48,2
DA:50,1
LF:26
LH:26
BRF:0
BRH:0
end_of_record
TN:
SF:src\Insurance\insurance.service.ts
FN:6,(anonymous_1)
FN:15,(anonymous_2)
FN:23,(anonymous_3)
FN:32,(anonymous_4)
FN:39,(anonymous_5)
FNF:5
FNH:0
FNDA:0,(anonymous_1)
FNDA:0,(anonymous_2)
FNDA:0,(anonymous_3)
FNDA:0,(anonymous_4)
FNDA:0,(anonymous_5)
DA:1,1
DA:2,1
DA:3,1
DA:6,1
DA:7,0
DA:8,0
DA:9,0
DA:11,0
DA:15,1
DA:16,0
DA:17,0
DA:23,1
DA:24,0
DA:27,0
DA:32,1
DA:33,0
DA:34,0
DA:39,1
DA:40,0
DA:44,0
LF:20
LH:8
BRDA:8,0,0,0
BRF:1
BRH:0
end_of_record
TN:
SF:src\Location\location.controller.ts
FN:5,(anonymous_9)
FN:15,(anonymous_10)
FN:25,(anonymous_11)
FN:35,(anonymous_12)
FN:45,(anonymous_13)
FN:53,(anonymous_14)
FN:62,(anonymous_15)
FN:73,getAllLocationsWithCarsService
FNF:8
FNH:5
FNDA:2,(anonymous_9)
FNDA:1,(anonymous_10)
FNDA:2,(anonymous_11)
FNDA:2,(anonymous_12)
FNDA:1,(anonymous_13)
FNDA:0,(anonymous_14)
FNDA:0,(anonymous_15)
FNDA:0,getAllLocationsWithCarsService
DA:2,1
DA:5,1
DA:6,2
DA:7,2
DA:8,1
DA:10,1
DA:15,1
DA:16,1
DA:17,1
DA:18,1
DA:20,0
DA:25,1
DA:26,2
DA:27,2
DA:28,1
DA:30,1
DA:35,1
DA:36,2
DA:37,2
DA:38,1
DA:40,1
DA:45,1
DA:46,1
DA:47,1
DA:48,0
DA:50,1
DA:53,1
DA:54,0
DA:55,0
DA:56,0
DA:58,0
DA:59,0
DA:62,1
DA:63,0
DA:64,0
DA:65,0
DA:67,0
DA:68,0
DA:74,0
LF:39
LH:26
BRF:0
BRH:0
end_of_record
TN:
SF:src\Location\location.service.ts
FN:6,(anonymous_1)
FN:13,(anonymous_2)
FN:21,(anonymous_3)
FN:31,(anonymous_4)
FN:37,(anonymous_5)
FN:48,(anonymous_6)
FN:61,(anonymous_7)
FNF:7
FNH:0
FNDA:0,(anonymous_1)
FNDA:0,(anonymous_2)
FNDA:0,(anonymous_3)
FNDA:0,(anonymous_4)
FNDA:0,(anonymous_5)
FNDA:0,(anonymous_6)
FNDA:0,(anonymous_7)
DA:1,1
DA:2,1
DA:3,1
DA:6,1
DA:8,0
DA:9,0
DA:13,1
DA:14,0
DA:17,0
DA:21,1
DA:22,0
DA:24,0
DA:25,0
DA:27,0
DA:31,1
DA:32,0
DA:33,0
DA:37,1
DA:40,0
DA:41,0
DA:42,0
DA:44,0
DA:48,1
DA:49,0
DA:61,1
DA:62,0
LF:26
LH:10
BRDA:24,0,0,0
BRDA:41,1,0,0
BRF:2
BRH:0
end_of_record
TN:
SF:src\Maintenance\maintenance.controller.ts
FN:5,(anonymous_9)
FN:15,(anonymous_10)
FN:25,(anonymous_11)
FN:35,(anonymous_12)
FN:45,(anonymous_13)
FNF:5
FNH:5
FNDA:2,(anonymous_9)
FNDA:1,(anonymous_10)
FNDA:2,(anonymous_11)
FNDA:2,(anonymous_12)
FNDA:2,(anonymous_13)
DA:2,1
DA:5,1
DA:6,2
DA:7,2
DA:8,1
DA:10,1
DA:15,1
DA:16,1
DA:17,1
DA:18,1
DA:20,0
DA:25,1
DA:26,2
DA:27,2
DA:28,1
DA:30,1
DA:35,1
DA:36,2
DA:37,2
DA:38,1
DA:40,1
DA:45,1
DA:46,2
DA:47,2
DA:48,1
DA:50,1
LF:26
LH:25
BRF:0
BRH:0
end_of_record
TN:
SF:src\Maintenance\maintenance.service.ts
FN:6,(anonymous_1)
FN:13,(anonymous_2)
FN:20,(anonymous_3)
FN:29,(anonymous_4)
FN:37,(anonymous_5)
FNF:5
FNH:0
FNDA:0,(anonymous_1)
FNDA:0,(anonymous_2)
FNDA:0,(anonymous_3)
FNDA:0,(anonymous_4)
FNDA:0,(anonymous_5)
DA:1,1
DA:2,1
DA:3,1
DA:6,1
DA:7,0
DA:8,0
DA:13,1
DA:14,0
DA:17,0
DA:20,1
DA:21,0
DA:22,0
DA:23,0
DA:25,0
DA:29,1
DA:30,0
DA:31,0
DA:37,1
DA:38,0
DA:42,0
LF:20
LH:8
BRDA:22,0,0,0
BRF:1
BRH:0
end_of_record
TN:
SF:src\Payment\payment.controller.ts
FN:6,(anonymous_9)
FN:16,(anonymous_10)
FN:26,(anonymous_11)
FN:36,(anonymous_12)
FN:46,(anonymous_13)
FN:54,(anonymous_14)
FNF:6
FNH:5
FNDA:1,(anonymous_9)
FNDA:2,(anonymous_10)
FNDA:2,(anonymous_11)
FNDA:2,(anonymous_12)
FNDA:2,(anonymous_13)
FNDA:0,(anonymous_14)
DA:2,1
DA:6,1
DA:7,1
DA:8,1
DA:9,1
DA:11,0
DA:16,1
DA:17,2
DA:18,2
DA:19,1
DA:21,1
DA:26,1
DA:27,2
DA:28,2
DA:29,1
DA:31,1
DA:36,1
DA:37,2
DA:38,2
DA:39,1
DA:41,1
DA:46,1
DA:47,2
DA:48,2
DA:49,1
DA:51,1
DA:54,1
DA:55,0
DA:56,0
DA:57,0
DA:59,0
LF:31
LH:26
BRF:0
BRH:0
end_of_record
TN:
SF:src\Payment\payment.service.ts
FN:7,(anonymous_1)
FN:14,(anonymous_2)
FN:21,(anonymous_3)
FN:32,(anonymous_4)
FN:41,(anonymous_5)
FN:48,(anonymous_6)
FN:53,(anonymous_7)
FNF:7
FNH:0
FNDA:0,(anonymous_1)
FNDA:0,(anonymous_2)
FNDA:0,(anonymous_3)
FNDA:0,(anonymous_4)
FNDA:0,(anonymous_5)
FNDA:0,(anonymous_6)
FNDA:0,(anonymous_7)
DA:1,1
DA:2,1
DA:3,1
DA:7,1
DA:8,0
DA:9,0
DA:14,1
DA:15,0
DA:18,0
DA:21,1
DA:22,0
DA:23,0
DA:24,0
DA:27,0
DA:32,1
DA:33,0
DA:38,0
DA:41,1
DA:42,0
DA:43,0
DA:48,1
DA:49,0
DA:50,0
DA:53,1
DA:54,0
LF:25
LH:10
BRDA:23,0,0,0
BRF:1
BRH:0
end_of_record
TN:
SF:src\Reservation\reservation.controller.ts
FN:5,(anonymous_9)
FN:15,(anonymous_10)
FN:25,(anonymous_11)
FN:35,(anonymous_12)
FN:45,(anonymous_13)
FNF:5
FNH:5
FNDA:2,(anonymous_9)
FNDA:2,(anonymous_10)
FNDA:2,(anonymous_11)
FNDA:2,(anonymous_12)
FNDA:2,(anonymous_13)
DA:2,1
DA:5,1
DA:6,2
DA:7,2
DA:8,1
DA:10,1
DA:15,1
DA:16,2
DA:17,2
DA:18,1
DA:20,1
DA:25,1
DA:26,2
DA:27,2
DA:28,1
DA:30,1
DA:35,1
DA:36,2
DA:37,2
DA:38,1
DA:40,1
DA:45,1
DA:46,2
DA:47,2
DA:48,1
DA:50,1
LF:26
LH:26
BRF:0
BRH:0
end_of_record
TN:
SF:src\Reservation\reservation.service.ts
FN:7,(anonymous_1)
FN:14,(anonymous_2)
FN:23,(anonymous_3)
FN:31,(anonymous_4)
FN:41,(anonymous_5)
FNF:5
FNH:0
FNDA:0,(anonymous_1)
FNDA:0,(anonymous_2)
FNDA:0,(anonymous_3)
FNDA:0,(anonymous_4)
FNDA:0,(anonymous_5)
DA:1,1
DA:2,1
DA:3,1
DA:7,1
DA:8,0
DA:9,0
DA:14,1
DA:15,0
DA:18,0
DA:23,1
DA:24,0
DA:25,0
DA:26,0
DA:28,0
DA:31,1
DA:32,0
DA:37,0
DA:41,1
DA:42,0
DA:43,0
LF:20
LH:8
BRDA:25,0,0,0
BRF:1
BRH:0
end_of_record
TN:
SF:src\auth\auth.controller.ts
FN:11,(anonymous_1)
FN:61,(anonymous_2)
FN:101,(anonymous_3)
FN:153,sendMail
FNF:4
FNH:3
FNDA:1,(anonymous_1)
FNDA:1,(anonymous_2)
FNDA:1,(anonymous_3)
FNDA:0,sendMail
DA:1,1
DA:3,1
DA:4,1
DA:7,1
DA:11,1
DA:17,1
DA:20,1
DA:21,1
DA:24,1
DA:25,1
DA:26,1
DA:29,1
DA:30,1
DA:31,1
DA:34,1
DA:35,0
DA:38,0
DA:39,0
DA:50,0
DA:53,0
DA:56,1
DA:57,1
DA:61,1
DA:62,1
DA:64,1
DA:65,1
DA:67,0
DA:68,0
DA:71,0
DA:72,0
DA:75,0
DA:78,0
DA:79,0
DA:89,0
DA:92,0
DA:95,1
DA:101,1
DA:102,1
DA:103,1
DA:106,1
DA:107,0
DA:108,0
DA:112,0
DA:113,0
DA:114,0
DA:118,0
DA:129,0
DA:130,0
DA:131,0
DA:133,0
DA:136,0
DA:149,1
DA:154,0
LF:53
LH:27
BRDA:35,0,0,0
BRDA:67,1,0,0
BRDA:71,2,0,0
BRDA:107,3,0,0
BRDA:113,4,0,0
BRDA:130,5,0,0
BRF:6
BRH:0
end_of_record
TN:
SF:src\auth\auth.service.ts
FN:5,(anonymous_1)
FN:10,(anonymous_2)
FN:16,(anonymous_3)
FN:24,(anonymous_4)
FNF:4
FNH:0
FNDA:0,(anonymous_1)
FNDA:0,(anonymous_2)
FNDA:0,(anonymous_3)
FNDA:0,(anonymous_4)
DA:1,1
DA:2,1
DA:3,1
DA:5,1
DA:6,0
DA:7,0
DA:10,1
DA:11,0
DA:16,1
DA:17,0
DA:24,1
DA:25,0
DA:27,0
LF:13
LH:7
BRF:0
BRH:0
end_of_record
